TimeQuest Timing Analyzer report for Ula_3Bits
Fri Aug 04 00:08:33 2017
Quartus II 32-bit Version 13.0.1 Build 232 06/12/2013 Service Pack 1 SJ Web Edition


---------------------
; Table of Contents ;
---------------------
  1. Legal Notice
  2. TimeQuest Timing Analyzer Summary
  3. Parallel Compilation
  4. Clocks
  5. Slow Model Fmax Summary
  6. Slow Model Setup Summary
  7. Slow Model Hold Summary
  8. Slow Model Recovery Summary
  9. Slow Model Removal Summary
 10. Slow Model Minimum Pulse Width Summary
 11. Propagation Delay
 12. Minimum Propagation Delay
 13. Fast Model Setup Summary
 14. Fast Model Hold Summary
 15. Fast Model Recovery Summary
 16. Fast Model Removal Summary
 17. Fast Model Minimum Pulse Width Summary
 18. Propagation Delay
 19. Minimum Propagation Delay
 20. Multicorner Timing Analysis Summary
 21. Progagation Delay
 22. Minimum Progagation Delay
 23. Clock Transfers
 24. Report TCCS
 25. Report RSKM
 26. Unconstrained Paths
 27. TimeQuest Timing Analyzer Messages



----------------
; Legal Notice ;
----------------
Copyright (C) 1991-2013 Altera Corporation
Your use of Altera Corporation's design tools, logic functions 
and other software and tools, and its AMPP partner logic 
functions, and any output files from any of the foregoing 
(including device programming or simulation files), and any 
associated documentation or information are expressly subject 
to the terms and conditions of the Altera Program License 
Subscription Agreement, Altera MegaCore Function License 
Agreement, or other applicable license agreement, including, 
without limitation, that your use is for the sole purpose of 
programming logic devices manufactured by Altera and sold by 
Altera or its authorized distributors.  Please refer to the 
applicable agreement for further details.



+----------------------------------------------------------------------------------------+
; TimeQuest Timing Analyzer Summary                                                      ;
+--------------------+-------------------------------------------------------------------+
; Quartus II Version ; Version 13.0.1 Build 232 06/12/2013 Service Pack 1 SJ Web Edition ;
; Revision Name      ; Ula_3Bits                                                         ;
; Device Family      ; Cyclone II                                                        ;
; Device Name        ; EP2C20F484C7                                                      ;
; Timing Models      ; Final                                                             ;
; Delay Model        ; Combined                                                          ;
; Rise/Fall Delays   ; Unavailable                                                       ;
+--------------------+-------------------------------------------------------------------+


Parallel compilation was disabled, but you have multiple processors available. Enable parallel compilation to reduce compilation time.
+-------------------------------------+
; Parallel Compilation                ;
+----------------------------+--------+
; Processors                 ; Number ;
+----------------------------+--------+
; Number detected on machine ; 4      ;
; Maximum allowed            ; 1      ;
+----------------------------+--------+


----------
; Clocks ;
----------
No clocks to report.


---------------------------
; Slow Model Fmax Summary ;
---------------------------
No paths to report.


----------------------------
; Slow Model Setup Summary ;
----------------------------
No paths to report.


---------------------------
; Slow Model Hold Summary ;
---------------------------
No paths to report.


-------------------------------
; Slow Model Recovery Summary ;
-------------------------------
No paths to report.


------------------------------
; Slow Model Removal Summary ;
------------------------------
No paths to report.


------------------------------------------
; Slow Model Minimum Pulse Width Summary ;
------------------------------------------
No paths to report.


+--------------------------------------------------------------+
; Propagation Delay                                            ;
+------------+-------------+--------+--------+--------+--------+
; Input Port ; Output Port ; RR     ; RF     ; FR     ; FF     ;
+------------+-------------+--------+--------+--------+--------+
; SW[0]      ; HEX0[0]     ; 15.009 ; 15.009 ; 15.009 ; 15.009 ;
; SW[0]      ; HEX0[1]     ; 14.316 ; 14.316 ; 14.316 ; 14.316 ;
; SW[0]      ; HEX0[2]     ; 14.120 ; 14.120 ; 14.120 ; 14.120 ;
; SW[0]      ; HEX0[3]     ; 15.337 ; 15.337 ; 15.337 ; 15.337 ;
; SW[0]      ; HEX0[4]     ; 14.972 ; 14.972 ; 14.972 ; 14.972 ;
; SW[0]      ; HEX0[5]     ; 15.114 ; 15.114 ; 15.114 ; 15.114 ;
; SW[0]      ; HEX0[6]     ; 15.527 ; 15.527 ; 15.527 ; 15.527 ;
; SW[0]      ; HEX1[0]     ; 14.916 ; 14.916 ; 14.916 ; 14.916 ;
; SW[0]      ; HEX1[1]     ; 14.050 ; 14.050 ; 14.050 ; 14.050 ;
; SW[0]      ; HEX1[2]     ; 14.050 ; 14.050 ; 14.050 ; 14.050 ;
; SW[0]      ; HEX1[3]     ; 14.897 ; 14.897 ; 14.897 ; 14.897 ;
; SW[0]      ; HEX1[4]     ; 14.907 ; 14.907 ; 14.907 ; 14.907 ;
; SW[0]      ; HEX1[5]     ; 14.933 ; 14.933 ; 14.933 ; 14.933 ;
; SW[0]      ; HEX1[6]     ; 14.087 ; 14.087 ; 14.087 ; 14.087 ;
; SW[0]      ; LEDG[0]     ; 12.335 ; 12.335 ; 12.335 ; 12.335 ;
; SW[0]      ; LEDG[1]     ; 13.306 ; 13.306 ; 13.306 ; 13.306 ;
; SW[0]      ; LEDG[2]     ; 15.966 ; 15.966 ; 15.966 ; 15.966 ;
; SW[0]      ; LEDG[7]     ; 15.487 ; 15.487 ; 15.487 ; 15.487 ;
; SW[0]      ; LEDR[0]     ; 4.635  ;        ;        ; 4.635  ;
; SW[1]      ; HEX0[0]     ; 14.727 ; 14.727 ; 14.727 ; 14.727 ;
; SW[1]      ; HEX0[1]     ; 14.034 ; 14.034 ; 14.034 ; 14.034 ;
; SW[1]      ; HEX0[2]     ; 13.838 ; 13.838 ; 13.838 ; 13.838 ;
; SW[1]      ; HEX0[3]     ; 15.055 ; 15.055 ; 15.055 ; 15.055 ;
; SW[1]      ; HEX0[4]     ; 14.690 ; 14.690 ; 14.690 ; 14.690 ;
; SW[1]      ; HEX0[5]     ; 14.832 ; 14.832 ; 14.832 ; 14.832 ;
; SW[1]      ; HEX0[6]     ; 15.245 ; 15.245 ; 15.245 ; 15.245 ;
; SW[1]      ; HEX1[0]     ; 14.634 ; 14.634 ; 14.634 ; 14.634 ;
; SW[1]      ; HEX1[1]     ; 13.768 ; 13.768 ; 13.768 ; 13.768 ;
; SW[1]      ; HEX1[2]     ; 13.768 ; 13.768 ; 13.768 ; 13.768 ;
; SW[1]      ; HEX1[3]     ; 14.615 ; 14.615 ; 14.615 ; 14.615 ;
; SW[1]      ; HEX1[4]     ; 14.625 ; 14.625 ; 14.625 ; 14.625 ;
; SW[1]      ; HEX1[5]     ; 14.651 ; 14.651 ; 14.651 ; 14.651 ;
; SW[1]      ; HEX1[6]     ; 13.805 ; 13.805 ; 13.805 ; 13.805 ;
; SW[1]      ; LEDG[0]     ; 12.054 ; 12.054 ; 12.054 ; 12.054 ;
; SW[1]      ; LEDG[1]     ; 13.024 ; 13.024 ; 13.024 ; 13.024 ;
; SW[1]      ; LEDG[2]     ; 15.684 ; 15.684 ; 15.684 ; 15.684 ;
; SW[1]      ; LEDG[7]     ; 15.205 ;        ;        ; 15.205 ;
; SW[1]      ; LEDR[1]     ; 4.978  ;        ;        ; 4.978  ;
; SW[2]      ; HEX0[0]     ; 14.631 ; 14.631 ; 14.631 ; 14.631 ;
; SW[2]      ; HEX0[1]     ; 13.938 ; 13.938 ; 13.938 ; 13.938 ;
; SW[2]      ; HEX0[2]     ; 13.742 ; 13.742 ; 13.742 ; 13.742 ;
; SW[2]      ; HEX0[3]     ; 14.959 ; 14.959 ; 14.959 ; 14.959 ;
; SW[2]      ; HEX0[4]     ; 14.594 ; 14.594 ; 14.594 ; 14.594 ;
; SW[2]      ; HEX0[5]     ; 14.736 ; 14.736 ; 14.736 ; 14.736 ;
; SW[2]      ; HEX0[6]     ; 15.149 ; 15.149 ; 15.149 ; 15.149 ;
; SW[2]      ; HEX1[0]     ; 14.538 ; 14.538 ; 14.538 ; 14.538 ;
; SW[2]      ; HEX1[1]     ; 13.672 ; 13.672 ; 13.672 ; 13.672 ;
; SW[2]      ; HEX1[2]     ; 13.672 ; 13.672 ; 13.672 ; 13.672 ;
; SW[2]      ; HEX1[3]     ; 14.519 ; 14.519 ; 14.519 ; 14.519 ;
; SW[2]      ; HEX1[4]     ; 14.529 ; 14.529 ; 14.529 ; 14.529 ;
; SW[2]      ; HEX1[5]     ; 14.555 ; 14.555 ; 14.555 ; 14.555 ;
; SW[2]      ; HEX1[6]     ; 13.709 ; 13.709 ; 13.709 ; 13.709 ;
; SW[2]      ; LEDG[0]     ; 11.957 ; 11.957 ; 11.957 ; 11.957 ;
; SW[2]      ; LEDG[1]     ; 12.928 ; 12.928 ; 12.928 ; 12.928 ;
; SW[2]      ; LEDG[2]     ; 15.588 ; 15.588 ; 15.588 ; 15.588 ;
; SW[2]      ; LEDG[7]     ; 15.109 ;        ;        ; 15.109 ;
; SW[2]      ; LEDR[2]     ; 5.387  ;        ;        ; 5.387  ;
; SW[3]      ; HEX0[0]     ; 13.842 ; 13.842 ; 13.842 ; 13.842 ;
; SW[3]      ; HEX0[1]     ; 13.149 ; 13.149 ; 13.149 ; 13.149 ;
; SW[3]      ; HEX0[2]     ; 12.953 ; 12.953 ; 12.953 ; 12.953 ;
; SW[3]      ; HEX0[3]     ; 14.170 ; 14.170 ; 14.170 ; 14.170 ;
; SW[3]      ; HEX0[4]     ; 13.805 ; 13.805 ; 13.805 ; 13.805 ;
; SW[3]      ; HEX0[5]     ; 13.947 ; 13.947 ; 13.947 ; 13.947 ;
; SW[3]      ; HEX0[6]     ; 14.360 ; 14.360 ; 14.360 ; 14.360 ;
; SW[3]      ; HEX1[0]     ; 13.749 ; 13.749 ; 13.749 ; 13.749 ;
; SW[3]      ; HEX1[1]     ; 12.883 ; 12.883 ; 12.883 ; 12.883 ;
; SW[3]      ; HEX1[2]     ; 12.883 ; 12.883 ; 12.883 ; 12.883 ;
; SW[3]      ; HEX1[3]     ; 13.730 ; 13.730 ; 13.730 ; 13.730 ;
; SW[3]      ; HEX1[4]     ; 13.740 ; 13.740 ; 13.740 ; 13.740 ;
; SW[3]      ; HEX1[5]     ; 13.766 ; 13.766 ; 13.766 ; 13.766 ;
; SW[3]      ; HEX1[6]     ; 12.920 ; 12.920 ; 12.920 ; 12.920 ;
; SW[3]      ; HEX2[0]     ; 7.640  ; 7.640  ; 7.640  ; 7.640  ;
; SW[3]      ; HEX2[1]     ; 7.648  ; 7.648  ; 7.648  ; 7.648  ;
; SW[3]      ; HEX2[2]     ;        ; 7.682  ; 7.682  ;        ;
; SW[3]      ; HEX2[3]     ; 7.698  ; 7.698  ; 7.698  ; 7.698  ;
; SW[3]      ; HEX2[4]     ; 7.948  ;        ;        ; 7.948  ;
; SW[3]      ; HEX2[5]     ; 7.996  ;        ;        ; 7.996  ;
; SW[3]      ; HEX2[6]     ; 8.021  ;        ;        ; 8.021  ;
; SW[3]      ; LEDG[0]     ; 11.169 ; 11.169 ; 11.169 ; 11.169 ;
; SW[3]      ; LEDG[1]     ; 12.139 ; 12.139 ; 12.139 ; 12.139 ;
; SW[3]      ; LEDG[2]     ; 14.799 ; 14.799 ; 14.799 ; 14.799 ;
; SW[3]      ; LEDG[7]     ; 14.320 ;        ;        ; 14.320 ;
; SW[3]      ; LEDR[6]     ; 5.790  ;        ;        ; 5.790  ;
; SW[4]      ; HEX0[0]     ; 12.153 ; 12.153 ; 12.153 ; 12.153 ;
; SW[4]      ; HEX0[1]     ; 11.959 ; 11.959 ; 11.959 ; 11.959 ;
; SW[4]      ; HEX0[2]     ; 11.264 ; 11.264 ; 11.264 ; 11.264 ;
; SW[4]      ; HEX0[3]     ; 12.481 ; 12.481 ; 12.481 ; 12.481 ;
; SW[4]      ; HEX0[4]     ; 12.116 ; 12.116 ; 12.116 ; 12.116 ;
; SW[4]      ; HEX0[5]     ; 12.258 ; 12.258 ; 12.258 ; 12.258 ;
; SW[4]      ; HEX0[6]     ; 12.671 ; 12.671 ; 12.671 ; 12.671 ;
; SW[4]      ; HEX1[0]     ; 12.060 ; 12.060 ; 12.060 ; 12.060 ;
; SW[4]      ; HEX1[1]     ; 11.194 ; 11.194 ; 11.194 ; 11.194 ;
; SW[4]      ; HEX1[2]     ; 11.194 ; 11.194 ; 11.194 ; 11.194 ;
; SW[4]      ; HEX1[3]     ; 12.041 ; 12.041 ; 12.041 ; 12.041 ;
; SW[4]      ; HEX1[4]     ; 12.051 ; 12.051 ; 12.051 ; 12.051 ;
; SW[4]      ; HEX1[5]     ; 12.077 ; 12.077 ; 12.077 ; 12.077 ;
; SW[4]      ; HEX1[6]     ; 11.231 ; 11.231 ; 11.231 ; 11.231 ;
; SW[4]      ; HEX2[0]     ;        ; 8.062  ; 8.062  ;        ;
; SW[4]      ; HEX2[1]     ; 8.090  ; 8.090  ; 8.090  ; 8.090  ;
; SW[4]      ; HEX2[2]     ; 8.165  ;        ;        ; 8.165  ;
; SW[4]      ; HEX2[3]     ; 8.151  ; 8.151  ; 8.151  ; 8.151  ;
; SW[4]      ; HEX2[4]     ;        ; 8.472  ; 8.472  ;        ;
; SW[4]      ; HEX2[5]     ; 8.452  ;        ;        ; 8.452  ;
; SW[4]      ; HEX2[6]     ; 8.471  ; 8.471  ; 8.471  ; 8.471  ;
; SW[4]      ; LEDG[1]     ; 10.449 ; 10.449 ; 10.449 ; 10.449 ;
; SW[4]      ; LEDG[2]     ; 13.110 ; 13.110 ; 13.110 ; 13.110 ;
; SW[4]      ; LEDG[7]     ; 12.631 ;        ;        ; 12.631 ;
; SW[4]      ; LEDR[7]     ; 5.305  ;        ;        ; 5.305  ;
; SW[5]      ; HEX0[0]     ; 11.224 ; 11.224 ; 11.224 ; 11.224 ;
; SW[5]      ; HEX0[1]     ; 11.427 ; 11.427 ; 11.427 ; 11.427 ;
; SW[5]      ; HEX0[2]     ; 11.389 ; 11.032 ; 11.032 ; 11.389 ;
; SW[5]      ; HEX0[3]     ; 11.416 ; 11.416 ; 11.416 ; 11.416 ;
; SW[5]      ; HEX0[4]     ; 11.982 ; 11.606 ; 11.606 ; 11.982 ;
; SW[5]      ; HEX0[5]     ; 11.451 ; 11.451 ; 11.451 ; 11.451 ;
; SW[5]      ; HEX0[6]     ; 11.797 ; 11.797 ; 11.797 ; 11.797 ;
; SW[5]      ; HEX1[0]     ; 10.705 ; 11.247 ; 11.247 ; 10.705 ;
; SW[5]      ; HEX1[1]     ; 9.839  ; 10.381 ; 10.381 ; 9.839  ;
; SW[5]      ; HEX1[2]     ; 9.839  ; 10.381 ; 10.381 ; 9.839  ;
; SW[5]      ; HEX1[3]     ; 10.686 ; 11.228 ; 11.228 ; 10.686 ;
; SW[5]      ; HEX1[4]     ; 10.696 ; 11.238 ; 11.238 ; 10.696 ;
; SW[5]      ; HEX1[5]     ; 10.722 ; 11.264 ; 11.264 ; 10.722 ;
; SW[5]      ; HEX1[6]     ; 10.418 ; 9.876  ; 9.876  ; 10.418 ;
; SW[5]      ; HEX2[0]     ; 7.381  ; 7.381  ; 7.381  ; 7.381  ;
; SW[5]      ; HEX2[1]     ; 7.405  ;        ;        ; 7.405  ;
; SW[5]      ; HEX2[2]     ;        ; 7.424  ; 7.424  ;        ;
; SW[5]      ; HEX2[3]     ; 7.443  ; 7.443  ; 7.443  ; 7.443  ;
; SW[5]      ; HEX2[4]     ; 7.751  ;        ;        ; 7.751  ;
; SW[5]      ; HEX2[5]     ;        ; 7.749  ; 7.749  ;        ;
; SW[5]      ; HEX2[6]     ; 7.776  ; 7.776  ; 7.776  ; 7.776  ;
; SW[5]      ; LEDG[2]     ; 12.600 ; 12.600 ; 12.600 ; 12.600 ;
; SW[5]      ; LEDG[7]     ; 12.992 ;        ;        ; 12.992 ;
; SW[5]      ; LEDR[8]     ; 5.529  ;        ;        ; 5.529  ;
; SW[6]      ; HEX0[0]     ; 14.768 ; 14.768 ; 14.768 ; 14.768 ;
; SW[6]      ; HEX0[1]     ; 14.075 ; 14.075 ; 14.075 ; 14.075 ;
; SW[6]      ; HEX0[2]     ; 13.879 ; 13.879 ; 13.879 ; 13.879 ;
; SW[6]      ; HEX0[3]     ; 15.096 ; 15.096 ; 15.096 ; 15.096 ;
; SW[6]      ; HEX0[4]     ; 14.731 ; 14.731 ; 14.731 ; 14.731 ;
; SW[6]      ; HEX0[5]     ; 14.873 ; 14.873 ; 14.873 ; 14.873 ;
; SW[6]      ; HEX0[6]     ; 15.286 ; 15.286 ; 15.286 ; 15.286 ;
; SW[6]      ; HEX1[0]     ; 14.675 ; 14.675 ; 14.675 ; 14.675 ;
; SW[6]      ; HEX1[1]     ; 13.809 ; 13.809 ; 13.809 ; 13.809 ;
; SW[6]      ; HEX1[2]     ; 13.809 ; 13.809 ; 13.809 ; 13.809 ;
; SW[6]      ; HEX1[3]     ; 14.656 ; 14.656 ; 14.656 ; 14.656 ;
; SW[6]      ; HEX1[4]     ; 14.666 ; 14.666 ; 14.666 ; 14.666 ;
; SW[6]      ; HEX1[5]     ; 14.692 ; 14.692 ; 14.692 ; 14.692 ;
; SW[6]      ; HEX1[6]     ; 13.846 ; 13.846 ; 13.846 ; 13.846 ;
; SW[6]      ; HEX3[0]     ; 7.398  ; 7.398  ; 7.398  ; 7.398  ;
; SW[6]      ; HEX3[1]     ; 7.925  ; 7.925  ; 7.925  ; 7.925  ;
; SW[6]      ; HEX3[2]     ;        ; 7.916  ; 7.916  ;        ;
; SW[6]      ; HEX3[3]     ; 7.347  ; 7.347  ; 7.347  ; 7.347  ;
; SW[6]      ; HEX3[4]     ; 6.984  ;        ;        ; 6.984  ;
; SW[6]      ; HEX3[5]     ; 7.405  ;        ;        ; 7.405  ;
; SW[6]      ; HEX3[6]     ; 7.754  ;        ;        ; 7.754  ;
; SW[6]      ; LEDG[0]     ; 12.094 ; 12.094 ; 12.094 ; 12.094 ;
; SW[6]      ; LEDG[1]     ; 13.065 ; 13.065 ; 13.065 ; 13.065 ;
; SW[6]      ; LEDG[2]     ; 15.725 ; 15.725 ; 15.725 ; 15.725 ;
; SW[6]      ; LEDG[7]     ; 15.246 ; 15.246 ; 15.246 ; 15.246 ;
; SW[6]      ; LEDR[3]     ; 5.146  ;        ;        ; 5.146  ;
; SW[7]      ; HEX0[0]     ; 12.023 ; 12.023 ; 12.023 ; 12.023 ;
; SW[7]      ; HEX0[1]     ; 11.330 ; 11.330 ; 11.330 ; 11.330 ;
; SW[7]      ; HEX0[2]     ; 11.134 ; 11.134 ; 11.134 ; 11.134 ;
; SW[7]      ; HEX0[3]     ; 12.351 ; 12.351 ; 12.351 ; 12.351 ;
; SW[7]      ; HEX0[4]     ; 11.986 ; 11.986 ; 11.986 ; 11.986 ;
; SW[7]      ; HEX0[5]     ; 12.128 ; 12.128 ; 12.128 ; 12.128 ;
; SW[7]      ; HEX0[6]     ; 12.541 ; 12.541 ; 12.541 ; 12.541 ;
; SW[7]      ; HEX1[0]     ; 11.930 ; 11.930 ; 11.930 ; 11.930 ;
; SW[7]      ; HEX1[1]     ; 11.064 ; 11.064 ; 11.064 ; 11.064 ;
; SW[7]      ; HEX1[2]     ; 11.064 ; 11.064 ; 11.064 ; 11.064 ;
; SW[7]      ; HEX1[3]     ; 11.911 ; 11.911 ; 11.911 ; 11.911 ;
; SW[7]      ; HEX1[4]     ; 11.921 ; 11.921 ; 11.921 ; 11.921 ;
; SW[7]      ; HEX1[5]     ; 11.947 ; 11.947 ; 11.947 ; 11.947 ;
; SW[7]      ; HEX1[6]     ; 11.101 ; 11.101 ; 11.101 ; 11.101 ;
; SW[7]      ; HEX3[0]     ;        ; 6.356  ; 6.356  ;        ;
; SW[7]      ; HEX3[1]     ; 6.946  ; 6.946  ; 6.946  ; 6.946  ;
; SW[7]      ; HEX3[2]     ; 6.934  ;        ;        ; 6.934  ;
; SW[7]      ; HEX3[3]     ; 6.366  ; 6.366  ; 6.366  ; 6.366  ;
; SW[7]      ; HEX3[4]     ;        ; 6.050  ; 6.050  ;        ;
; SW[7]      ; HEX3[5]     ; 6.428  ;        ;        ; 6.428  ;
; SW[7]      ; HEX3[6]     ; 6.775  ; 6.775  ; 6.775  ; 6.775  ;
; SW[7]      ; LEDG[1]     ; 10.319 ; 10.319 ; 10.319 ; 10.319 ;
; SW[7]      ; LEDG[2]     ; 12.980 ; 12.980 ; 12.980 ; 12.980 ;
; SW[7]      ; LEDG[7]     ; 12.501 ; 12.501 ; 12.501 ; 12.501 ;
; SW[7]      ; LEDR[4]     ; 6.690  ;        ;        ; 6.690  ;
; SW[8]      ; HEX0[0]     ; 10.988 ; 10.988 ; 10.988 ; 10.988 ;
; SW[8]      ; HEX0[1]     ; 11.191 ; 11.191 ; 11.191 ; 11.191 ;
; SW[8]      ; HEX0[2]     ; 11.153 ; 11.153 ; 11.153 ; 11.153 ;
; SW[8]      ; HEX0[3]     ; 11.180 ; 11.180 ; 11.180 ; 11.180 ;
; SW[8]      ; HEX0[4]     ; 11.746 ; 11.746 ; 11.746 ; 11.746 ;
; SW[8]      ; HEX0[5]     ; 11.215 ; 11.215 ; 11.215 ; 11.215 ;
; SW[8]      ; HEX0[6]     ; 11.561 ; 11.561 ; 11.561 ; 11.561 ;
; SW[8]      ; HEX1[0]     ; 11.011 ; 11.011 ; 11.011 ; 11.011 ;
; SW[8]      ; HEX1[1]     ; 10.145 ; 10.145 ; 10.145 ; 10.145 ;
; SW[8]      ; HEX1[2]     ; 10.145 ; 10.145 ; 10.145 ; 10.145 ;
; SW[8]      ; HEX1[3]     ; 10.992 ; 10.992 ; 10.992 ; 10.992 ;
; SW[8]      ; HEX1[4]     ; 11.002 ; 11.002 ; 11.002 ; 11.002 ;
; SW[8]      ; HEX1[5]     ; 11.028 ; 11.028 ; 11.028 ; 11.028 ;
; SW[8]      ; HEX1[6]     ; 10.182 ; 10.182 ; 10.182 ; 10.182 ;
; SW[8]      ; HEX3[0]     ; 6.731  ; 6.731  ; 6.731  ; 6.731  ;
; SW[8]      ; HEX3[1]     ; 7.260  ;        ;        ; 7.260  ;
; SW[8]      ; HEX3[2]     ;        ; 7.163  ; 7.163  ;        ;
; SW[8]      ; HEX3[3]     ; 6.682  ; 6.682  ; 6.682  ; 6.682  ;
; SW[8]      ; HEX3[4]     ; 6.363  ;        ;        ; 6.363  ;
; SW[8]      ; HEX3[5]     ;        ; 6.742  ; 6.742  ;        ;
; SW[8]      ; HEX3[6]     ; 7.089  ; 7.089  ; 7.089  ; 7.089  ;
; SW[8]      ; LEDG[2]     ; 11.804 ; 11.804 ; 11.804 ; 11.804 ;
; SW[8]      ; LEDG[7]     ; 12.756 ; 12.756 ; 12.756 ; 12.756 ;
; SW[8]      ; LEDR[5]     ; 6.102  ;        ;        ; 6.102  ;
; SW[9]      ; HEX0[0]     ; 14.278 ; 14.278 ; 14.278 ; 14.278 ;
; SW[9]      ; HEX0[1]     ; 13.585 ; 13.585 ; 13.585 ; 13.585 ;
; SW[9]      ; HEX0[2]     ; 13.389 ; 13.389 ; 13.389 ; 13.389 ;
; SW[9]      ; HEX0[3]     ; 14.606 ; 14.606 ; 14.606 ; 14.606 ;
; SW[9]      ; HEX0[4]     ; 14.241 ; 14.241 ; 14.241 ; 14.241 ;
; SW[9]      ; HEX0[5]     ; 14.383 ; 14.383 ; 14.383 ; 14.383 ;
; SW[9]      ; HEX0[6]     ; 14.796 ; 14.796 ; 14.796 ; 14.796 ;
; SW[9]      ; HEX1[0]     ; 14.185 ; 14.185 ; 14.185 ; 14.185 ;
; SW[9]      ; HEX1[1]     ; 13.319 ; 13.319 ; 13.319 ; 13.319 ;
; SW[9]      ; HEX1[2]     ; 13.319 ; 13.319 ; 13.319 ; 13.319 ;
; SW[9]      ; HEX1[3]     ; 14.166 ; 14.166 ; 14.166 ; 14.166 ;
; SW[9]      ; HEX1[4]     ; 14.176 ; 14.176 ; 14.176 ; 14.176 ;
; SW[9]      ; HEX1[5]     ; 14.202 ; 14.202 ; 14.202 ; 14.202 ;
; SW[9]      ; HEX1[6]     ; 13.356 ; 13.356 ; 13.356 ; 13.356 ;
; SW[9]      ; LEDG[0]     ; 11.604 ; 11.604 ; 11.604 ; 11.604 ;
; SW[9]      ; LEDG[1]     ; 12.575 ; 12.575 ; 12.575 ; 12.575 ;
; SW[9]      ; LEDG[2]     ; 15.235 ; 15.235 ; 15.235 ; 15.235 ;
; SW[9]      ; LEDG[7]     ; 14.756 ;        ;        ; 14.756 ;
; SW[9]      ; LEDR[9]     ; 6.361  ;        ;        ; 6.361  ;
+------------+-------------+--------+--------+--------+--------+


+--------------------------------------------------------------+
; Minimum Propagation Delay                                    ;
+------------+-------------+--------+--------+--------+--------+
; Input Port ; Output Port ; RR     ; RF     ; FR     ; FF     ;
+------------+-------------+--------+--------+--------+--------+
; SW[0]      ; HEX0[0]     ; 10.002 ; 8.768  ; 8.768  ; 10.002 ;
; SW[0]      ; HEX0[1]     ; 9.354  ; 9.354  ; 9.354  ; 9.354  ;
; SW[0]      ; HEX0[2]     ; 9.858  ; 9.595  ; 9.595  ; 9.858  ;
; SW[0]      ; HEX0[3]     ; 9.354  ; 9.354  ; 9.354  ; 9.354  ;
; SW[0]      ; HEX0[4]     ; 10.088 ; 9.834  ; 9.834  ; 10.088 ;
; SW[0]      ; HEX0[5]     ; 10.187 ; 9.641  ; 9.641  ; 10.187 ;
; SW[0]      ; HEX0[6]     ; 9.374  ; 10.191 ; 10.191 ; 9.374  ;
; SW[0]      ; HEX1[0]     ; 10.685 ; 9.538  ; 9.538  ; 10.685 ;
; SW[0]      ; HEX1[1]     ; 9.886  ; 9.886  ; 9.886  ; 9.886  ;
; SW[0]      ; HEX1[2]     ; 9.886  ; 9.886  ; 9.886  ; 9.886  ;
; SW[0]      ; HEX1[3]     ; 10.666 ; 9.519  ; 9.519  ; 10.666 ;
; SW[0]      ; HEX1[4]     ; 10.676 ; 9.529  ; 9.529  ; 10.676 ;
; SW[0]      ; HEX1[5]     ; 10.702 ; 9.555  ; 9.555  ; 10.702 ;
; SW[0]      ; HEX1[6]     ; 9.923  ; 9.923  ; 9.923  ; 9.923  ;
; SW[0]      ; LEDG[0]     ; 12.335 ; 12.335 ; 12.335 ; 12.335 ;
; SW[0]      ; LEDG[1]     ; 11.763 ; 11.763 ; 11.763 ; 11.763 ;
; SW[0]      ; LEDG[2]     ; 12.939 ; 12.939 ; 12.939 ; 12.939 ;
; SW[0]      ; LEDG[7]     ; 13.690 ; 13.690 ; 13.690 ; 13.690 ;
; SW[0]      ; LEDR[0]     ; 4.635  ;        ;        ; 4.635  ;
; SW[1]      ; HEX0[0]     ; 8.629  ; 9.769  ; 9.769  ; 8.629  ;
; SW[1]      ; HEX0[1]     ; 9.073  ; 9.073  ; 9.073  ; 9.073  ;
; SW[1]      ; HEX0[2]     ; 9.456  ; 9.562  ; 9.562  ; 9.456  ;
; SW[1]      ; HEX0[3]     ; 9.073  ; 9.073  ; 9.073  ; 9.073  ;
; SW[1]      ; HEX0[4]     ; 9.695  ; 10.484 ; 10.484 ; 9.695  ;
; SW[1]      ; HEX0[5]     ; 9.502  ; 9.906  ; 9.906  ; 9.502  ;
; SW[1]      ; HEX0[6]     ; 9.385  ; 10.017 ; 10.017 ; 9.385  ;
; SW[1]      ; HEX1[0]     ; 9.941  ; 9.549  ; 9.549  ; 9.941  ;
; SW[1]      ; HEX1[1]     ; 9.605  ; 9.605  ; 9.605  ; 9.605  ;
; SW[1]      ; HEX1[2]     ; 9.605  ; 9.605  ; 9.605  ; 9.605  ;
; SW[1]      ; HEX1[3]     ; 9.922  ; 9.530  ; 9.530  ; 9.922  ;
; SW[1]      ; HEX1[4]     ; 9.932  ; 9.540  ; 9.540  ; 9.932  ;
; SW[1]      ; HEX1[5]     ; 9.958  ; 9.566  ; 9.566  ; 9.958  ;
; SW[1]      ; HEX1[6]     ; 9.642  ; 9.642  ; 9.642  ; 9.642  ;
; SW[1]      ; LEDG[0]     ; 12.054 ; 12.054 ; 12.054 ; 12.054 ;
; SW[1]      ; LEDG[1]     ; 10.743 ; 10.743 ; 10.743 ; 10.743 ;
; SW[1]      ; LEDG[2]     ; 13.306 ; 13.306 ; 13.306 ; 13.306 ;
; SW[1]      ; LEDG[7]     ; 12.913 ;        ;        ; 12.913 ;
; SW[1]      ; LEDR[1]     ; 4.978  ;        ;        ; 4.978  ;
; SW[2]      ; HEX0[0]     ; 7.931  ; 9.104  ; 9.104  ; 7.931  ;
; SW[2]      ; HEX0[1]     ; 8.771  ; 8.771  ; 8.771  ; 8.771  ;
; SW[2]      ; HEX0[2]     ; 8.758  ; 8.851  ; 8.851  ; 8.758  ;
; SW[2]      ; HEX0[3]     ; 8.232  ; 8.232  ; 8.232  ; 8.232  ;
; SW[2]      ; HEX0[4]     ; 8.997  ; 9.099  ; 9.099  ; 8.997  ;
; SW[2]      ; HEX0[5]     ; 8.804  ; 9.436  ; 9.436  ; 8.804  ;
; SW[2]      ; HEX0[6]     ; 8.476  ; 9.249  ; 9.249  ; 8.476  ;
; SW[2]      ; HEX1[0]     ; 9.268  ; 8.640  ; 8.640  ; 9.268  ;
; SW[2]      ; HEX1[1]     ; 9.333  ; 9.508  ; 9.508  ; 9.333  ;
; SW[2]      ; HEX1[2]     ; 9.333  ; 9.508  ; 9.508  ; 9.333  ;
; SW[2]      ; HEX1[3]     ; 9.249  ; 8.621  ; 8.621  ; 9.249  ;
; SW[2]      ; HEX1[4]     ; 9.259  ; 8.631  ; 8.631  ; 9.259  ;
; SW[2]      ; HEX1[5]     ; 9.285  ; 8.657  ; 8.657  ; 9.285  ;
; SW[2]      ; HEX1[6]     ; 9.545  ; 9.370  ; 9.370  ; 9.545  ;
; SW[2]      ; LEDG[0]     ; 11.957 ; 11.957 ; 11.957 ; 11.957 ;
; SW[2]      ; LEDG[1]     ; 11.462 ; 11.462 ; 11.462 ; 11.462 ;
; SW[2]      ; LEDG[2]     ; 11.522 ; 11.522 ; 11.522 ; 11.522 ;
; SW[2]      ; LEDG[7]     ; 12.145 ;        ;        ; 12.145 ;
; SW[2]      ; LEDR[2]     ; 5.387  ;        ;        ; 5.387  ;
; SW[3]      ; HEX0[0]     ; 8.884  ; 8.884  ; 8.884  ; 8.884  ;
; SW[3]      ; HEX0[1]     ; 8.188  ; 8.188  ; 8.188  ; 8.188  ;
; SW[3]      ; HEX0[2]     ; 8.837  ; 8.837  ; 8.837  ; 8.837  ;
; SW[3]      ; HEX0[3]     ; 8.188  ; 8.188  ; 8.188  ; 8.188  ;
; SW[3]      ; HEX0[4]     ; 9.599  ; 9.599  ; 9.599  ; 9.599  ;
; SW[3]      ; HEX0[5]     ; 9.021  ; 9.021  ; 9.021  ; 9.021  ;
; SW[3]      ; HEX0[6]     ; 9.398  ; 9.398  ; 9.398  ; 9.398  ;
; SW[3]      ; HEX1[0]     ; 9.586  ; 9.586  ; 9.586  ; 9.586  ;
; SW[3]      ; HEX1[1]     ; 8.720  ; 8.720  ; 8.720  ; 8.720  ;
; SW[3]      ; HEX1[2]     ; 8.720  ; 8.720  ; 8.720  ; 8.720  ;
; SW[3]      ; HEX1[3]     ; 9.567  ; 9.567  ; 9.567  ; 9.567  ;
; SW[3]      ; HEX1[4]     ; 9.577  ; 9.577  ; 9.577  ; 9.577  ;
; SW[3]      ; HEX1[5]     ; 9.603  ; 9.603  ; 9.603  ; 9.603  ;
; SW[3]      ; HEX1[6]     ; 8.757  ; 8.757  ; 8.757  ; 8.757  ;
; SW[3]      ; HEX2[0]     ; 7.640  ; 7.640  ; 7.640  ; 7.640  ;
; SW[3]      ; HEX2[1]     ; 7.648  ; 7.648  ; 7.648  ; 7.648  ;
; SW[3]      ; HEX2[2]     ;        ; 7.682  ; 7.682  ;        ;
; SW[3]      ; HEX2[3]     ; 7.698  ; 7.698  ; 7.698  ; 7.698  ;
; SW[3]      ; HEX2[4]     ; 7.948  ;        ;        ; 7.948  ;
; SW[3]      ; HEX2[5]     ; 7.996  ;        ;        ; 7.996  ;
; SW[3]      ; HEX2[6]     ; 8.021  ;        ;        ; 8.021  ;
; SW[3]      ; LEDG[0]     ; 11.169 ; 11.169 ; 11.169 ; 11.169 ;
; SW[3]      ; LEDG[1]     ; 12.139 ; 12.139 ; 12.139 ; 12.139 ;
; SW[3]      ; LEDG[2]     ; 14.799 ; 14.799 ; 14.799 ; 14.799 ;
; SW[3]      ; LEDG[7]     ; 14.320 ;        ;        ; 14.320 ;
; SW[3]      ; LEDR[6]     ; 5.790  ;        ;        ; 5.790  ;
; SW[4]      ; HEX0[0]     ; 9.648  ; 9.648  ; 9.648  ; 9.648  ;
; SW[4]      ; HEX0[1]     ; 9.680  ; 9.680  ; 9.680  ; 9.680  ;
; SW[4]      ; HEX0[2]     ; 9.268  ; 9.268  ; 9.268  ; 9.268  ;
; SW[4]      ; HEX0[3]     ; 9.820  ; 9.820  ; 9.820  ; 9.820  ;
; SW[4]      ; HEX0[4]     ; 10.312 ; 10.312 ; 10.312 ; 10.312 ;
; SW[4]      ; HEX0[5]     ; 9.916  ; 9.916  ; 9.916  ; 9.916  ;
; SW[4]      ; HEX0[6]     ; 10.552 ; 9.735  ; 9.735  ; 10.552 ;
; SW[4]      ; HEX1[0]     ; 9.647  ; 9.647  ; 9.647  ; 9.647  ;
; SW[4]      ; HEX1[1]     ; 10.270 ; 10.020 ; 10.020 ; 10.270 ;
; SW[4]      ; HEX1[2]     ; 10.270 ; 10.020 ; 10.020 ; 10.270 ;
; SW[4]      ; HEX1[3]     ; 9.628  ; 9.628  ; 9.628  ; 9.628  ;
; SW[4]      ; HEX1[4]     ; 9.638  ; 9.638  ; 9.638  ; 9.638  ;
; SW[4]      ; HEX1[5]     ; 9.664  ; 9.664  ; 9.664  ; 9.664  ;
; SW[4]      ; HEX1[6]     ; 10.057 ; 10.307 ; 10.307 ; 10.057 ;
; SW[4]      ; HEX2[0]     ;        ; 8.062  ; 8.062  ;        ;
; SW[4]      ; HEX2[1]     ; 8.090  ; 8.090  ; 8.090  ; 8.090  ;
; SW[4]      ; HEX2[2]     ; 8.165  ;        ;        ; 8.165  ;
; SW[4]      ; HEX2[3]     ; 8.151  ; 8.151  ; 8.151  ; 8.151  ;
; SW[4]      ; HEX2[4]     ;        ; 8.472  ; 8.472  ;        ;
; SW[4]      ; HEX2[5]     ; 8.452  ;        ;        ; 8.452  ;
; SW[4]      ; HEX2[6]     ; 8.471  ; 8.471  ; 8.471  ; 8.471  ;
; SW[4]      ; LEDG[1]     ; 10.449 ; 10.449 ; 10.449 ; 10.449 ;
; SW[4]      ; LEDG[2]     ; 13.110 ; 13.110 ; 13.110 ; 13.110 ;
; SW[4]      ; LEDG[7]     ; 12.631 ;        ;        ; 12.631 ;
; SW[4]      ; LEDR[7]     ; 5.305  ;        ;        ; 5.305  ;
; SW[5]      ; HEX0[0]     ; 9.942  ; 9.942  ; 9.942  ; 9.942  ;
; SW[5]      ; HEX0[1]     ; 9.969  ; 9.969  ; 9.969  ; 9.969  ;
; SW[5]      ; HEX0[2]     ; 9.929  ; 9.929  ; 9.929  ; 9.929  ;
; SW[5]      ; HEX0[3]     ; 9.310  ; 9.310  ; 9.310  ; 9.310  ;
; SW[5]      ; HEX0[4]     ; 10.176 ; 10.176 ; 10.176 ; 10.176 ;
; SW[5]      ; HEX0[5]     ; 10.514 ; 10.514 ; 10.514 ; 10.514 ;
; SW[5]      ; HEX0[6]     ; 10.395 ; 10.096 ; 10.096 ; 10.395 ;
; SW[5]      ; HEX1[0]     ; 10.346 ; 10.111 ; 10.111 ; 10.346 ;
; SW[5]      ; HEX1[1]     ; 9.839  ; 9.839  ; 9.839  ; 9.839  ;
; SW[5]      ; HEX1[2]     ; 9.839  ; 9.839  ; 9.839  ; 9.839  ;
; SW[5]      ; HEX1[3]     ; 10.327 ; 10.092 ; 10.092 ; 10.327 ;
; SW[5]      ; HEX1[4]     ; 10.337 ; 10.102 ; 10.102 ; 10.337 ;
; SW[5]      ; HEX1[5]     ; 10.363 ; 10.128 ; 10.128 ; 10.363 ;
; SW[5]      ; HEX1[6]     ; 9.876  ; 9.876  ; 9.876  ; 9.876  ;
; SW[5]      ; HEX2[0]     ; 7.381  ; 7.381  ; 7.381  ; 7.381  ;
; SW[5]      ; HEX2[1]     ; 7.405  ;        ;        ; 7.405  ;
; SW[5]      ; HEX2[2]     ;        ; 7.424  ; 7.424  ;        ;
; SW[5]      ; HEX2[3]     ; 7.443  ; 7.443  ; 7.443  ; 7.443  ;
; SW[5]      ; HEX2[4]     ; 7.751  ;        ;        ; 7.751  ;
; SW[5]      ; HEX2[5]     ;        ; 7.749  ; 7.749  ;        ;
; SW[5]      ; HEX2[6]     ; 7.776  ; 7.776  ; 7.776  ; 7.776  ;
; SW[5]      ; LEDG[2]     ; 12.600 ; 12.600 ; 12.600 ; 12.600 ;
; SW[5]      ; LEDG[7]     ; 12.992 ;        ;        ; 12.992 ;
; SW[5]      ; LEDR[8]     ; 5.529  ;        ;        ; 5.529  ;
; SW[6]      ; HEX0[0]     ; 9.289  ; 9.289  ; 9.289  ; 9.289  ;
; SW[6]      ; HEX0[1]     ; 9.113  ; 9.113  ; 9.113  ; 9.113  ;
; SW[6]      ; HEX0[2]     ; 8.207  ; 8.207  ; 8.207  ; 8.207  ;
; SW[6]      ; HEX0[3]     ; 9.113  ; 9.113  ; 9.113  ; 9.113  ;
; SW[6]      ; HEX0[4]     ; 9.567  ; 9.567  ; 9.567  ; 9.567  ;
; SW[6]      ; HEX0[5]     ; 9.946  ; 9.946  ; 9.946  ; 9.946  ;
; SW[6]      ; HEX0[6]     ; 10.323 ; 10.323 ; 10.323 ; 10.323 ;
; SW[6]      ; HEX1[0]     ; 9.668  ; 9.668  ; 9.668  ; 9.668  ;
; SW[6]      ; HEX1[1]     ; 8.802  ; 8.802  ; 8.802  ; 8.802  ;
; SW[6]      ; HEX1[2]     ; 8.802  ; 8.802  ; 8.802  ; 8.802  ;
; SW[6]      ; HEX1[3]     ; 9.649  ; 9.649  ; 9.649  ; 9.649  ;
; SW[6]      ; HEX1[4]     ; 9.659  ; 9.659  ; 9.659  ; 9.659  ;
; SW[6]      ; HEX1[5]     ; 9.685  ; 9.685  ; 9.685  ; 9.685  ;
; SW[6]      ; HEX1[6]     ; 8.839  ; 8.839  ; 8.839  ; 8.839  ;
; SW[6]      ; HEX3[0]     ; 7.398  ; 7.398  ; 7.398  ; 7.398  ;
; SW[6]      ; HEX3[1]     ; 7.925  ; 7.925  ; 7.925  ; 7.925  ;
; SW[6]      ; HEX3[2]     ;        ; 7.916  ; 7.916  ;        ;
; SW[6]      ; HEX3[3]     ; 7.347  ; 7.347  ; 7.347  ; 7.347  ;
; SW[6]      ; HEX3[4]     ; 6.984  ;        ;        ; 6.984  ;
; SW[6]      ; HEX3[5]     ; 7.405  ;        ;        ; 7.405  ;
; SW[6]      ; HEX3[6]     ; 7.754  ;        ;        ; 7.754  ;
; SW[6]      ; LEDG[0]     ; 12.094 ; 12.094 ; 12.094 ; 12.094 ;
; SW[6]      ; LEDG[1]     ; 13.065 ; 13.065 ; 13.065 ; 13.065 ;
; SW[6]      ; LEDG[2]     ; 15.725 ; 15.725 ; 15.725 ; 15.725 ;
; SW[6]      ; LEDG[7]     ; 15.246 ; 15.246 ; 15.246 ; 15.246 ;
; SW[6]      ; LEDR[3]     ; 5.146  ;        ;        ; 5.146  ;
; SW[7]      ; HEX0[0]     ; 8.687  ; 8.687  ; 8.687  ; 8.687  ;
; SW[7]      ; HEX0[1]     ; 9.470  ; 9.470  ; 9.470  ; 9.470  ;
; SW[7]      ; HEX0[2]     ; 7.605  ; 7.605  ; 7.605  ; 7.605  ;
; SW[7]      ; HEX0[3]     ; 9.459  ; 9.459  ; 9.459  ; 9.459  ;
; SW[7]      ; HEX0[4]     ; 8.965  ; 8.965  ; 8.965  ; 8.965  ;
; SW[7]      ; HEX0[5]     ; 9.494  ; 9.494  ; 9.494  ; 9.494  ;
; SW[7]      ; HEX0[6]     ; 9.605  ; 9.605  ; 9.605  ; 9.605  ;
; SW[7]      ; HEX1[0]     ; 9.066  ; 9.066  ; 9.066  ; 9.066  ;
; SW[7]      ; HEX1[1]     ; 8.200  ; 8.200  ; 8.200  ; 8.200  ;
; SW[7]      ; HEX1[2]     ; 8.200  ; 8.200  ; 8.200  ; 8.200  ;
; SW[7]      ; HEX1[3]     ; 9.047  ; 9.047  ; 9.047  ; 9.047  ;
; SW[7]      ; HEX1[4]     ; 9.057  ; 9.057  ; 9.057  ; 9.057  ;
; SW[7]      ; HEX1[5]     ; 9.083  ; 9.083  ; 9.083  ; 9.083  ;
; SW[7]      ; HEX1[6]     ; 8.237  ; 8.237  ; 8.237  ; 8.237  ;
; SW[7]      ; HEX3[0]     ;        ; 6.356  ; 6.356  ;        ;
; SW[7]      ; HEX3[1]     ; 6.946  ; 6.946  ; 6.946  ; 6.946  ;
; SW[7]      ; HEX3[2]     ; 6.934  ;        ;        ; 6.934  ;
; SW[7]      ; HEX3[3]     ; 6.366  ; 6.366  ; 6.366  ; 6.366  ;
; SW[7]      ; HEX3[4]     ;        ; 6.050  ; 6.050  ;        ;
; SW[7]      ; HEX3[5]     ; 6.428  ;        ;        ; 6.428  ;
; SW[7]      ; HEX3[6]     ; 6.775  ; 6.775  ; 6.775  ; 6.775  ;
; SW[7]      ; LEDG[1]     ; 10.319 ; 10.319 ; 10.319 ; 10.319 ;
; SW[7]      ; LEDG[2]     ; 12.980 ; 12.980 ; 12.980 ; 12.980 ;
; SW[7]      ; LEDG[7]     ; 12.501 ; 12.501 ; 12.501 ; 12.501 ;
; SW[7]      ; LEDR[4]     ; 6.690  ;        ;        ; 6.690  ;
; SW[8]      ; HEX0[0]     ; 9.146  ; 9.146  ; 9.146  ; 9.146  ;
; SW[8]      ; HEX0[1]     ; 9.173  ; 9.173  ; 9.173  ; 9.173  ;
; SW[8]      ; HEX0[2]     ; 9.133  ; 9.133  ; 9.133  ; 9.133  ;
; SW[8]      ; HEX0[3]     ; 8.514  ; 8.514  ; 8.514  ; 8.514  ;
; SW[8]      ; HEX0[4]     ; 9.380  ; 9.380  ; 9.380  ; 9.380  ;
; SW[8]      ; HEX0[5]     ; 9.718  ; 9.718  ; 9.718  ; 9.718  ;
; SW[8]      ; HEX0[6]     ; 9.599  ; 9.599  ; 9.599  ; 9.599  ;
; SW[8]      ; HEX1[0]     ; 9.550  ; 9.550  ; 9.550  ; 9.550  ;
; SW[8]      ; HEX1[1]     ; 9.043  ; 9.043  ; 9.043  ; 9.043  ;
; SW[8]      ; HEX1[2]     ; 9.043  ; 9.043  ; 9.043  ; 9.043  ;
; SW[8]      ; HEX1[3]     ; 9.531  ; 9.531  ; 9.531  ; 9.531  ;
; SW[8]      ; HEX1[4]     ; 9.541  ; 9.541  ; 9.541  ; 9.541  ;
; SW[8]      ; HEX1[5]     ; 9.567  ; 9.567  ; 9.567  ; 9.567  ;
; SW[8]      ; HEX1[6]     ; 9.080  ; 9.080  ; 9.080  ; 9.080  ;
; SW[8]      ; HEX3[0]     ; 6.731  ; 6.731  ; 6.731  ; 6.731  ;
; SW[8]      ; HEX3[1]     ; 7.260  ;        ;        ; 7.260  ;
; SW[8]      ; HEX3[2]     ;        ; 7.163  ; 7.163  ;        ;
; SW[8]      ; HEX3[3]     ; 6.682  ; 6.682  ; 6.682  ; 6.682  ;
; SW[8]      ; HEX3[4]     ; 6.363  ;        ;        ; 6.363  ;
; SW[8]      ; HEX3[5]     ;        ; 6.742  ; 6.742  ;        ;
; SW[8]      ; HEX3[6]     ; 7.089  ; 7.089  ; 7.089  ; 7.089  ;
; SW[8]      ; LEDG[2]     ; 11.804 ; 11.804 ; 11.804 ; 11.804 ;
; SW[8]      ; LEDG[7]     ; 12.756 ; 12.756 ; 12.756 ; 12.756 ;
; SW[8]      ; LEDR[5]     ; 6.102  ;        ;        ; 6.102  ;
; SW[9]      ; HEX0[0]     ; 8.756  ; 8.756  ; 8.756  ; 8.756  ;
; SW[9]      ; HEX0[1]     ; 8.423  ; 8.423  ; 8.423  ; 8.423  ;
; SW[9]      ; HEX0[2]     ; 8.612  ; 8.669  ; 8.669  ; 8.612  ;
; SW[9]      ; HEX0[3]     ; 8.623  ; 8.623  ; 8.623  ; 8.623  ;
; SW[9]      ; HEX0[4]     ; 8.842  ; 10.029 ; 10.029 ; 8.842  ;
; SW[9]      ; HEX0[5]     ; 8.945  ; 9.221  ; 9.221  ; 8.945  ;
; SW[9]      ; HEX0[6]     ; 8.128  ; 8.945  ; 8.945  ; 8.128  ;
; SW[9]      ; HEX1[0]     ; 9.851  ; 8.292  ; 8.292  ; 9.851  ;
; SW[9]      ; HEX1[1]     ; 8.985  ; 9.155  ; 9.155  ; 8.985  ;
; SW[9]      ; HEX1[2]     ; 8.985  ; 9.155  ; 9.155  ; 8.985  ;
; SW[9]      ; HEX1[3]     ; 9.832  ; 8.273  ; 8.273  ; 9.832  ;
; SW[9]      ; HEX1[4]     ; 9.842  ; 8.283  ; 8.283  ; 9.842  ;
; SW[9]      ; HEX1[5]     ; 9.868  ; 8.309  ; 8.309  ; 9.868  ;
; SW[9]      ; HEX1[6]     ; 9.192  ; 9.022  ; 9.022  ; 9.192  ;
; SW[9]      ; LEDG[0]     ; 11.604 ; 11.604 ; 11.604 ; 11.604 ;
; SW[9]      ; LEDG[1]     ; 12.575 ; 12.575 ; 12.575 ; 12.575 ;
; SW[9]      ; LEDG[2]     ; 15.235 ; 15.235 ; 15.235 ; 15.235 ;
; SW[9]      ; LEDG[7]     ; 14.756 ;        ;        ; 14.756 ;
; SW[9]      ; LEDR[9]     ; 6.361  ;        ;        ; 6.361  ;
+------------+-------------+--------+--------+--------+--------+


----------------------------
; Fast Model Setup Summary ;
----------------------------
No paths to report.


---------------------------
; Fast Model Hold Summary ;
---------------------------
No paths to report.


-------------------------------
; Fast Model Recovery Summary ;
-------------------------------
No paths to report.


------------------------------
; Fast Model Removal Summary ;
------------------------------
No paths to report.


------------------------------------------
; Fast Model Minimum Pulse Width Summary ;
------------------------------------------
No paths to report.


+----------------------------------------------------------+
; Propagation Delay                                        ;
+------------+-------------+-------+-------+-------+-------+
; Input Port ; Output Port ; RR    ; RF    ; FR    ; FF    ;
+------------+-------------+-------+-------+-------+-------+
; SW[0]      ; HEX0[0]     ; 6.214 ; 6.214 ; 6.214 ; 6.214 ;
; SW[0]      ; HEX0[1]     ; 5.988 ; 5.988 ; 5.988 ; 5.988 ;
; SW[0]      ; HEX0[2]     ; 5.882 ; 5.882 ; 5.882 ; 5.882 ;
; SW[0]      ; HEX0[3]     ; 6.347 ; 6.347 ; 6.347 ; 6.347 ;
; SW[0]      ; HEX0[4]     ; 6.255 ; 6.255 ; 6.255 ; 6.255 ;
; SW[0]      ; HEX0[5]     ; 6.278 ; 6.278 ; 6.278 ; 6.278 ;
; SW[0]      ; HEX0[6]     ; 6.432 ; 6.432 ; 6.432 ; 6.432 ;
; SW[0]      ; HEX1[0]     ; 6.232 ; 6.232 ; 6.232 ; 6.232 ;
; SW[0]      ; HEX1[1]     ; 5.900 ; 5.900 ; 5.900 ; 5.900 ;
; SW[0]      ; HEX1[2]     ; 5.900 ; 5.900 ; 5.900 ; 5.900 ;
; SW[0]      ; HEX1[3]     ; 6.211 ; 6.211 ; 6.211 ; 6.211 ;
; SW[0]      ; HEX1[4]     ; 6.221 ; 6.221 ; 6.221 ; 6.221 ;
; SW[0]      ; HEX1[5]     ; 6.247 ; 6.247 ; 6.247 ; 6.247 ;
; SW[0]      ; HEX1[6]     ; 5.942 ; 5.942 ; 5.942 ; 5.942 ;
; SW[0]      ; LEDG[0]     ; 5.406 ; 5.406 ; 5.406 ; 5.406 ;
; SW[0]      ; LEDG[1]     ; 5.802 ; 5.802 ; 5.802 ; 5.802 ;
; SW[0]      ; LEDG[2]     ; 6.969 ; 6.969 ; 6.969 ; 6.969 ;
; SW[0]      ; LEDG[7]     ; 6.790 ; 6.790 ; 6.790 ; 6.790 ;
; SW[0]      ; LEDR[0]     ; 2.289 ;       ;       ; 2.289 ;
; SW[1]      ; HEX0[0]     ; 6.067 ; 6.067 ; 6.067 ; 6.067 ;
; SW[1]      ; HEX0[1]     ; 5.841 ; 5.841 ; 5.841 ; 5.841 ;
; SW[1]      ; HEX0[2]     ; 5.735 ; 5.735 ; 5.735 ; 5.735 ;
; SW[1]      ; HEX0[3]     ; 6.200 ; 6.200 ; 6.200 ; 6.200 ;
; SW[1]      ; HEX0[4]     ; 6.108 ; 6.108 ; 6.108 ; 6.108 ;
; SW[1]      ; HEX0[5]     ; 6.131 ; 6.131 ; 6.131 ; 6.131 ;
; SW[1]      ; HEX0[6]     ; 6.285 ; 6.285 ; 6.285 ; 6.285 ;
; SW[1]      ; HEX1[0]     ; 6.085 ; 6.085 ; 6.085 ; 6.085 ;
; SW[1]      ; HEX1[1]     ; 5.753 ; 5.753 ; 5.753 ; 5.753 ;
; SW[1]      ; HEX1[2]     ; 5.753 ; 5.753 ; 5.753 ; 5.753 ;
; SW[1]      ; HEX1[3]     ; 6.064 ; 6.064 ; 6.064 ; 6.064 ;
; SW[1]      ; HEX1[4]     ; 6.074 ; 6.074 ; 6.074 ; 6.074 ;
; SW[1]      ; HEX1[5]     ; 6.100 ; 6.100 ; 6.100 ; 6.100 ;
; SW[1]      ; HEX1[6]     ; 5.795 ; 5.795 ; 5.795 ; 5.795 ;
; SW[1]      ; LEDG[0]     ; 5.259 ; 5.259 ; 5.259 ; 5.259 ;
; SW[1]      ; LEDG[1]     ; 5.655 ; 5.655 ; 5.655 ; 5.655 ;
; SW[1]      ; LEDG[2]     ; 6.822 ; 6.822 ; 6.822 ; 6.822 ;
; SW[1]      ; LEDG[7]     ; 6.643 ;       ;       ; 6.643 ;
; SW[1]      ; LEDR[1]     ; 2.423 ;       ;       ; 2.423 ;
; SW[2]      ; HEX0[0]     ; 6.034 ; 6.034 ; 6.034 ; 6.034 ;
; SW[2]      ; HEX0[1]     ; 5.808 ; 5.808 ; 5.808 ; 5.808 ;
; SW[2]      ; HEX0[2]     ; 5.702 ; 5.702 ; 5.702 ; 5.702 ;
; SW[2]      ; HEX0[3]     ; 6.167 ; 6.167 ; 6.167 ; 6.167 ;
; SW[2]      ; HEX0[4]     ; 6.075 ; 6.075 ; 6.075 ; 6.075 ;
; SW[2]      ; HEX0[5]     ; 6.098 ; 6.098 ; 6.098 ; 6.098 ;
; SW[2]      ; HEX0[6]     ; 6.252 ; 6.252 ; 6.252 ; 6.252 ;
; SW[2]      ; HEX1[0]     ; 6.052 ; 6.052 ; 6.052 ; 6.052 ;
; SW[2]      ; HEX1[1]     ; 5.720 ; 5.720 ; 5.720 ; 5.720 ;
; SW[2]      ; HEX1[2]     ; 5.720 ; 5.720 ; 5.720 ; 5.720 ;
; SW[2]      ; HEX1[3]     ; 6.031 ; 6.031 ; 6.031 ; 6.031 ;
; SW[2]      ; HEX1[4]     ; 6.041 ; 6.041 ; 6.041 ; 6.041 ;
; SW[2]      ; HEX1[5]     ; 6.067 ; 6.067 ; 6.067 ; 6.067 ;
; SW[2]      ; HEX1[6]     ; 5.762 ; 5.762 ; 5.762 ; 5.762 ;
; SW[2]      ; LEDG[0]     ; 5.223 ; 5.223 ; 5.223 ; 5.223 ;
; SW[2]      ; LEDG[1]     ; 5.622 ; 5.622 ; 5.622 ; 5.622 ;
; SW[2]      ; LEDG[2]     ; 6.789 ; 6.789 ; 6.789 ; 6.789 ;
; SW[2]      ; LEDG[7]     ; 6.610 ;       ;       ; 6.610 ;
; SW[2]      ; LEDR[2]     ; 2.611 ;       ;       ; 2.611 ;
; SW[3]      ; HEX0[0]     ; 5.753 ; 5.753 ; 5.753 ; 5.753 ;
; SW[3]      ; HEX0[1]     ; 5.527 ; 5.527 ; 5.527 ; 5.527 ;
; SW[3]      ; HEX0[2]     ; 5.421 ; 5.421 ; 5.421 ; 5.421 ;
; SW[3]      ; HEX0[3]     ; 5.886 ; 5.886 ; 5.886 ; 5.886 ;
; SW[3]      ; HEX0[4]     ; 5.794 ; 5.794 ; 5.794 ; 5.794 ;
; SW[3]      ; HEX0[5]     ; 5.817 ; 5.817 ; 5.817 ; 5.817 ;
; SW[3]      ; HEX0[6]     ; 5.971 ; 5.971 ; 5.971 ; 5.971 ;
; SW[3]      ; HEX1[0]     ; 5.771 ; 5.771 ; 5.771 ; 5.771 ;
; SW[3]      ; HEX1[1]     ; 5.439 ; 5.439 ; 5.439 ; 5.439 ;
; SW[3]      ; HEX1[2]     ; 5.439 ; 5.439 ; 5.439 ; 5.439 ;
; SW[3]      ; HEX1[3]     ; 5.750 ; 5.750 ; 5.750 ; 5.750 ;
; SW[3]      ; HEX1[4]     ; 5.760 ; 5.760 ; 5.760 ; 5.760 ;
; SW[3]      ; HEX1[5]     ; 5.786 ; 5.786 ; 5.786 ; 5.786 ;
; SW[3]      ; HEX1[6]     ; 5.481 ; 5.481 ; 5.481 ; 5.481 ;
; SW[3]      ; HEX2[0]     ; 3.530 ; 3.530 ; 3.530 ; 3.530 ;
; SW[3]      ; HEX2[1]     ; 3.534 ; 3.534 ; 3.534 ; 3.534 ;
; SW[3]      ; HEX2[2]     ;       ; 3.578 ; 3.578 ;       ;
; SW[3]      ; HEX2[3]     ; 3.583 ; 3.583 ; 3.583 ; 3.583 ;
; SW[3]      ; HEX2[4]     ; 3.679 ;       ;       ; 3.679 ;
; SW[3]      ; HEX2[5]     ; 3.675 ;       ;       ; 3.675 ;
; SW[3]      ; HEX2[6]     ; 3.696 ;       ;       ; 3.696 ;
; SW[3]      ; LEDG[0]     ; 4.946 ; 4.946 ; 4.946 ; 4.946 ;
; SW[3]      ; LEDG[1]     ; 5.341 ; 5.341 ; 5.341 ; 5.341 ;
; SW[3]      ; LEDG[2]     ; 6.508 ; 6.508 ; 6.508 ; 6.508 ;
; SW[3]      ; LEDG[7]     ; 6.329 ;       ;       ; 6.329 ;
; SW[3]      ; LEDR[6]     ; 2.844 ;       ;       ; 2.844 ;
; SW[4]      ; HEX0[0]     ; 5.221 ; 5.221 ; 5.221 ; 5.221 ;
; SW[4]      ; HEX0[1]     ; 5.088 ; 5.088 ; 5.088 ; 5.088 ;
; SW[4]      ; HEX0[2]     ; 4.889 ; 4.889 ; 4.889 ; 4.889 ;
; SW[4]      ; HEX0[3]     ; 5.354 ; 5.354 ; 5.354 ; 5.354 ;
; SW[4]      ; HEX0[4]     ; 5.262 ; 5.262 ; 5.262 ; 5.262 ;
; SW[4]      ; HEX0[5]     ; 5.285 ; 5.285 ; 5.285 ; 5.285 ;
; SW[4]      ; HEX0[6]     ; 5.439 ; 5.439 ; 5.439 ; 5.439 ;
; SW[4]      ; HEX1[0]     ; 5.239 ; 5.239 ; 5.239 ; 5.239 ;
; SW[4]      ; HEX1[1]     ; 4.907 ; 4.907 ; 4.907 ; 4.907 ;
; SW[4]      ; HEX1[2]     ; 4.907 ; 4.907 ; 4.907 ; 4.907 ;
; SW[4]      ; HEX1[3]     ; 5.218 ; 5.218 ; 5.218 ; 5.218 ;
; SW[4]      ; HEX1[4]     ; 5.228 ; 5.228 ; 5.228 ; 5.228 ;
; SW[4]      ; HEX1[5]     ; 5.254 ; 5.254 ; 5.254 ; 5.254 ;
; SW[4]      ; HEX1[6]     ; 4.949 ; 4.949 ; 4.949 ; 4.949 ;
; SW[4]      ; HEX2[0]     ;       ; 3.791 ; 3.791 ;       ;
; SW[4]      ; HEX2[1]     ; 3.793 ; 3.793 ; 3.793 ; 3.793 ;
; SW[4]      ; HEX2[2]     ; 3.842 ;       ;       ; 3.842 ;
; SW[4]      ; HEX2[3]     ; 3.845 ; 3.845 ; 3.845 ; 3.845 ;
; SW[4]      ; HEX2[4]     ;       ; 3.939 ; 3.939 ;       ;
; SW[4]      ; HEX2[5]     ; 3.937 ;       ;       ; 3.937 ;
; SW[4]      ; HEX2[6]     ; 3.957 ; 3.957 ; 3.957 ; 3.957 ;
; SW[4]      ; LEDG[1]     ; 4.812 ; 4.812 ; 4.812 ; 4.812 ;
; SW[4]      ; LEDG[2]     ; 5.976 ; 5.976 ; 5.976 ; 5.976 ;
; SW[4]      ; LEDG[7]     ; 5.797 ;       ;       ; 5.797 ;
; SW[4]      ; LEDR[7]     ; 2.626 ;       ;       ; 2.626 ;
; SW[5]      ; HEX0[0]     ; 4.790 ; 4.790 ; 4.790 ; 4.790 ;
; SW[5]      ; HEX0[1]     ; 4.843 ; 4.843 ; 4.843 ; 4.843 ;
; SW[5]      ; HEX0[2]     ; 4.868 ; 4.730 ; 4.730 ; 4.868 ;
; SW[5]      ; HEX0[3]     ; 4.855 ; 4.855 ; 4.855 ; 4.855 ;
; SW[5]      ; HEX0[4]     ; 5.079 ; 4.936 ; 4.936 ; 5.079 ;
; SW[5]      ; HEX0[5]     ; 4.875 ; 4.875 ; 4.875 ; 4.875 ;
; SW[5]      ; HEX0[6]     ; 5.008 ; 5.008 ; 5.008 ; 5.008 ;
; SW[5]      ; HEX1[0]     ; 4.597 ; 4.858 ; 4.858 ; 4.597 ;
; SW[5]      ; HEX1[1]     ; 4.265 ; 4.526 ; 4.526 ; 4.265 ;
; SW[5]      ; HEX1[2]     ; 4.265 ; 4.526 ; 4.526 ; 4.265 ;
; SW[5]      ; HEX1[3]     ; 4.576 ; 4.837 ; 4.837 ; 4.576 ;
; SW[5]      ; HEX1[4]     ; 4.586 ; 4.847 ; 4.847 ; 4.586 ;
; SW[5]      ; HEX1[5]     ; 4.612 ; 4.873 ; 4.873 ; 4.612 ;
; SW[5]      ; HEX1[6]     ; 4.568 ; 4.307 ; 4.307 ; 4.568 ;
; SW[5]      ; HEX2[0]     ; 3.423 ; 3.423 ; 3.423 ; 3.423 ;
; SW[5]      ; HEX2[1]     ; 3.436 ;       ;       ; 3.436 ;
; SW[5]      ; HEX2[2]     ;       ; 3.468 ; 3.468 ;       ;
; SW[5]      ; HEX2[3]     ; 3.478 ; 3.478 ; 3.478 ; 3.478 ;
; SW[5]      ; HEX2[4]     ; 3.583 ;       ;       ; 3.583 ;
; SW[5]      ; HEX2[5]     ;       ; 3.573 ; 3.573 ;       ;
; SW[5]      ; HEX2[6]     ; 3.596 ; 3.596 ; 3.596 ; 3.596 ;
; SW[5]      ; LEDG[2]     ; 5.650 ; 5.650 ; 5.650 ; 5.650 ;
; SW[5]      ; LEDG[7]     ; 5.819 ;       ;       ; 5.819 ;
; SW[5]      ; LEDR[8]     ; 2.658 ;       ;       ; 2.658 ;
; SW[6]      ; HEX0[0]     ; 6.064 ; 6.064 ; 6.064 ; 6.064 ;
; SW[6]      ; HEX0[1]     ; 5.838 ; 5.838 ; 5.838 ; 5.838 ;
; SW[6]      ; HEX0[2]     ; 5.732 ; 5.732 ; 5.732 ; 5.732 ;
; SW[6]      ; HEX0[3]     ; 6.197 ; 6.197 ; 6.197 ; 6.197 ;
; SW[6]      ; HEX0[4]     ; 6.105 ; 6.105 ; 6.105 ; 6.105 ;
; SW[6]      ; HEX0[5]     ; 6.128 ; 6.128 ; 6.128 ; 6.128 ;
; SW[6]      ; HEX0[6]     ; 6.282 ; 6.282 ; 6.282 ; 6.282 ;
; SW[6]      ; HEX1[0]     ; 6.082 ; 6.082 ; 6.082 ; 6.082 ;
; SW[6]      ; HEX1[1]     ; 5.750 ; 5.750 ; 5.750 ; 5.750 ;
; SW[6]      ; HEX1[2]     ; 5.750 ; 5.750 ; 5.750 ; 5.750 ;
; SW[6]      ; HEX1[3]     ; 6.061 ; 6.061 ; 6.061 ; 6.061 ;
; SW[6]      ; HEX1[4]     ; 6.071 ; 6.071 ; 6.071 ; 6.071 ;
; SW[6]      ; HEX1[5]     ; 6.097 ; 6.097 ; 6.097 ; 6.097 ;
; SW[6]      ; HEX1[6]     ; 5.792 ; 5.792 ; 5.792 ; 5.792 ;
; SW[6]      ; HEX3[0]     ; 3.445 ; 3.445 ; 3.445 ; 3.445 ;
; SW[6]      ; HEX3[1]     ; 3.719 ; 3.719 ; 3.719 ; 3.719 ;
; SW[6]      ; HEX3[2]     ;       ; 3.713 ; 3.713 ;       ;
; SW[6]      ; HEX3[3]     ; 3.411 ; 3.411 ; 3.411 ; 3.411 ;
; SW[6]      ; HEX3[4]     ; 3.290 ;       ;       ; 3.290 ;
; SW[6]      ; HEX3[5]     ; 3.455 ;       ;       ; 3.455 ;
; SW[6]      ; HEX3[6]     ; 3.592 ;       ;       ; 3.592 ;
; SW[6]      ; LEDG[0]     ; 5.256 ; 5.256 ; 5.256 ; 5.256 ;
; SW[6]      ; LEDG[1]     ; 5.652 ; 5.652 ; 5.652 ; 5.652 ;
; SW[6]      ; LEDG[2]     ; 6.819 ; 6.819 ; 6.819 ; 6.819 ;
; SW[6]      ; LEDG[7]     ; 6.640 ; 6.640 ; 6.640 ; 6.640 ;
; SW[6]      ; LEDR[3]     ; 2.521 ;       ;       ; 2.521 ;
; SW[7]      ; HEX0[0]     ; 5.005 ; 5.005 ; 5.005 ; 5.005 ;
; SW[7]      ; HEX0[1]     ; 4.779 ; 4.779 ; 4.779 ; 4.779 ;
; SW[7]      ; HEX0[2]     ; 4.673 ; 4.673 ; 4.673 ; 4.673 ;
; SW[7]      ; HEX0[3]     ; 5.138 ; 5.138 ; 5.138 ; 5.138 ;
; SW[7]      ; HEX0[4]     ; 5.046 ; 5.046 ; 5.046 ; 5.046 ;
; SW[7]      ; HEX0[5]     ; 5.069 ; 5.069 ; 5.069 ; 5.069 ;
; SW[7]      ; HEX0[6]     ; 5.223 ; 5.223 ; 5.223 ; 5.223 ;
; SW[7]      ; HEX1[0]     ; 5.023 ; 5.023 ; 5.023 ; 5.023 ;
; SW[7]      ; HEX1[1]     ; 4.691 ; 4.691 ; 4.691 ; 4.691 ;
; SW[7]      ; HEX1[2]     ; 4.691 ; 4.691 ; 4.691 ; 4.691 ;
; SW[7]      ; HEX1[3]     ; 5.002 ; 5.002 ; 5.002 ; 5.002 ;
; SW[7]      ; HEX1[4]     ; 5.012 ; 5.012 ; 5.012 ; 5.012 ;
; SW[7]      ; HEX1[5]     ; 5.038 ; 5.038 ; 5.038 ; 5.038 ;
; SW[7]      ; HEX1[6]     ; 4.733 ; 4.733 ; 4.733 ; 4.733 ;
; SW[7]      ; HEX3[0]     ;       ; 3.016 ; 3.016 ;       ;
; SW[7]      ; HEX3[1]     ; 3.293 ; 3.293 ; 3.293 ; 3.293 ;
; SW[7]      ; HEX3[2]     ; 3.289 ;       ;       ; 3.289 ;
; SW[7]      ; HEX3[3]     ; 2.979 ; 2.979 ; 2.979 ; 2.979 ;
; SW[7]      ; HEX3[4]     ;       ; 2.862 ; 2.862 ;       ;
; SW[7]      ; HEX3[5]     ; 3.026 ;       ;       ; 3.026 ;
; SW[7]      ; HEX3[6]     ; 3.163 ; 3.163 ; 3.163 ; 3.163 ;
; SW[7]      ; LEDG[1]     ; 4.595 ; 4.595 ; 4.595 ; 4.595 ;
; SW[7]      ; LEDG[2]     ; 5.760 ; 5.760 ; 5.760 ; 5.760 ;
; SW[7]      ; LEDG[7]     ; 5.581 ; 5.581 ; 5.581 ; 5.581 ;
; SW[7]      ; LEDR[4]     ; 3.246 ;       ;       ; 3.246 ;
; SW[8]      ; HEX0[0]     ; 4.642 ; 4.642 ; 4.642 ; 4.642 ;
; SW[8]      ; HEX0[1]     ; 4.695 ; 4.695 ; 4.695 ; 4.695 ;
; SW[8]      ; HEX0[2]     ; 4.720 ; 4.720 ; 4.720 ; 4.720 ;
; SW[8]      ; HEX0[3]     ; 4.707 ; 4.707 ; 4.707 ; 4.707 ;
; SW[8]      ; HEX0[4]     ; 4.931 ; 4.931 ; 4.931 ; 4.931 ;
; SW[8]      ; HEX0[5]     ; 4.727 ; 4.727 ; 4.727 ; 4.727 ;
; SW[8]      ; HEX0[6]     ; 4.860 ; 4.860 ; 4.860 ; 4.860 ;
; SW[8]      ; HEX1[0]     ; 4.710 ; 4.710 ; 4.710 ; 4.710 ;
; SW[8]      ; HEX1[1]     ; 4.378 ; 4.378 ; 4.378 ; 4.378 ;
; SW[8]      ; HEX1[2]     ; 4.378 ; 4.378 ; 4.378 ; 4.378 ;
; SW[8]      ; HEX1[3]     ; 4.689 ; 4.689 ; 4.689 ; 4.689 ;
; SW[8]      ; HEX1[4]     ; 4.699 ; 4.699 ; 4.699 ; 4.699 ;
; SW[8]      ; HEX1[5]     ; 4.725 ; 4.725 ; 4.725 ; 4.725 ;
; SW[8]      ; HEX1[6]     ; 4.420 ; 4.420 ; 4.420 ; 4.420 ;
; SW[8]      ; HEX3[0]     ; 3.124 ; 3.124 ; 3.124 ; 3.124 ;
; SW[8]      ; HEX3[1]     ; 3.404 ;       ;       ; 3.404 ;
; SW[8]      ; HEX3[2]     ;       ; 3.391 ; 3.391 ;       ;
; SW[8]      ; HEX3[3]     ; 3.089 ; 3.089 ; 3.089 ; 3.089 ;
; SW[8]      ; HEX3[4]     ; 2.968 ;       ;       ; 2.968 ;
; SW[8]      ; HEX3[5]     ;       ; 3.134 ; 3.134 ;       ;
; SW[8]      ; HEX3[6]     ; 3.270 ; 3.270 ; 3.270 ; 3.270 ;
; SW[8]      ; LEDG[2]     ; 5.332 ; 5.332 ; 5.332 ; 5.332 ;
; SW[8]      ; LEDG[7]     ; 5.671 ; 5.671 ; 5.671 ; 5.671 ;
; SW[8]      ; LEDR[5]     ; 2.968 ;       ;       ; 2.968 ;
; SW[9]      ; HEX0[0]     ; 5.859 ; 5.859 ; 5.859 ; 5.859 ;
; SW[9]      ; HEX0[1]     ; 5.633 ; 5.633 ; 5.633 ; 5.633 ;
; SW[9]      ; HEX0[2]     ; 5.527 ; 5.527 ; 5.527 ; 5.527 ;
; SW[9]      ; HEX0[3]     ; 5.992 ; 5.992 ; 5.992 ; 5.992 ;
; SW[9]      ; HEX0[4]     ; 5.900 ; 5.900 ; 5.900 ; 5.900 ;
; SW[9]      ; HEX0[5]     ; 5.923 ; 5.923 ; 5.923 ; 5.923 ;
; SW[9]      ; HEX0[6]     ; 6.077 ; 6.077 ; 6.077 ; 6.077 ;
; SW[9]      ; HEX1[0]     ; 5.877 ; 5.877 ; 5.877 ; 5.877 ;
; SW[9]      ; HEX1[1]     ; 5.545 ; 5.545 ; 5.545 ; 5.545 ;
; SW[9]      ; HEX1[2]     ; 5.545 ; 5.545 ; 5.545 ; 5.545 ;
; SW[9]      ; HEX1[3]     ; 5.856 ; 5.856 ; 5.856 ; 5.856 ;
; SW[9]      ; HEX1[4]     ; 5.866 ; 5.866 ; 5.866 ; 5.866 ;
; SW[9]      ; HEX1[5]     ; 5.892 ; 5.892 ; 5.892 ; 5.892 ;
; SW[9]      ; HEX1[6]     ; 5.587 ; 5.587 ; 5.587 ; 5.587 ;
; SW[9]      ; LEDG[0]     ; 5.048 ; 5.048 ; 5.048 ; 5.048 ;
; SW[9]      ; LEDG[1]     ; 5.447 ; 5.447 ; 5.447 ; 5.447 ;
; SW[9]      ; LEDG[2]     ; 6.614 ; 6.614 ; 6.614 ; 6.614 ;
; SW[9]      ; LEDG[7]     ; 6.435 ;       ;       ; 6.435 ;
; SW[9]      ; LEDR[9]     ; 3.033 ;       ;       ; 3.033 ;
+------------+-------------+-------+-------+-------+-------+


+----------------------------------------------------------+
; Minimum Propagation Delay                                ;
+------------+-------------+-------+-------+-------+-------+
; Input Port ; Output Port ; RR    ; RF    ; FR    ; FF    ;
+------------+-------------+-------+-------+-------+-------+
; SW[0]      ; HEX0[0]     ; 4.398 ; 3.980 ; 3.980 ; 4.398 ;
; SW[0]      ; HEX0[1]     ; 4.191 ; 4.191 ; 4.191 ; 4.191 ;
; SW[0]      ; HEX0[2]     ; 4.374 ; 4.283 ; 4.283 ; 4.374 ;
; SW[0]      ; HEX0[3]     ; 4.191 ; 4.191 ; 4.191 ; 4.191 ;
; SW[0]      ; HEX0[4]     ; 4.486 ; 4.404 ; 4.404 ; 4.486 ;
; SW[0]      ; HEX0[5]     ; 4.503 ; 4.334 ; 4.334 ; 4.503 ;
; SW[0]      ; HEX0[6]     ; 4.226 ; 4.510 ; 4.510 ; 4.226 ;
; SW[0]      ; HEX1[0]     ; 4.679 ; 4.292 ; 4.292 ; 4.679 ;
; SW[0]      ; HEX1[1]     ; 4.384 ; 4.384 ; 4.384 ; 4.384 ;
; SW[0]      ; HEX1[2]     ; 4.384 ; 4.384 ; 4.384 ; 4.384 ;
; SW[0]      ; HEX1[3]     ; 4.658 ; 4.271 ; 4.271 ; 4.658 ;
; SW[0]      ; HEX1[4]     ; 4.668 ; 4.281 ; 4.281 ; 4.668 ;
; SW[0]      ; HEX1[5]     ; 4.694 ; 4.307 ; 4.307 ; 4.694 ;
; SW[0]      ; HEX1[6]     ; 4.426 ; 4.426 ; 4.426 ; 4.426 ;
; SW[0]      ; LEDG[0]     ; 5.406 ; 5.406 ; 5.406 ; 5.406 ;
; SW[0]      ; LEDG[1]     ; 5.215 ; 5.215 ; 5.215 ; 5.215 ;
; SW[0]      ; LEDG[2]     ; 5.850 ; 5.850 ; 5.850 ; 5.850 ;
; SW[0]      ; LEDG[7]     ; 6.116 ; 6.116 ; 6.116 ; 6.116 ;
; SW[0]      ; LEDR[0]     ; 2.289 ;       ;       ; 2.289 ;
; SW[1]      ; HEX0[0]     ; 3.883 ; 4.273 ; 4.273 ; 3.883 ;
; SW[1]      ; HEX0[1]     ; 4.044 ; 4.044 ; 4.044 ; 4.044 ;
; SW[1]      ; HEX0[2]     ; 4.186 ; 4.221 ; 4.221 ; 4.186 ;
; SW[1]      ; HEX0[3]     ; 4.044 ; 4.044 ; 4.044 ; 4.044 ;
; SW[1]      ; HEX0[4]     ; 4.307 ; 4.559 ; 4.559 ; 4.307 ;
; SW[1]      ; HEX0[5]     ; 4.237 ; 4.356 ; 4.356 ; 4.237 ;
; SW[1]      ; HEX0[6]     ; 4.193 ; 4.369 ; 4.369 ; 4.193 ;
; SW[1]      ; HEX1[0]     ; 4.383 ; 4.259 ; 4.259 ; 4.383 ;
; SW[1]      ; HEX1[1]     ; 4.237 ; 4.237 ; 4.237 ; 4.237 ;
; SW[1]      ; HEX1[2]     ; 4.237 ; 4.237 ; 4.237 ; 4.237 ;
; SW[1]      ; HEX1[3]     ; 4.362 ; 4.238 ; 4.238 ; 4.362 ;
; SW[1]      ; HEX1[4]     ; 4.372 ; 4.248 ; 4.248 ; 4.372 ;
; SW[1]      ; HEX1[5]     ; 4.398 ; 4.274 ; 4.274 ; 4.398 ;
; SW[1]      ; HEX1[6]     ; 4.279 ; 4.279 ; 4.279 ; 4.279 ;
; SW[1]      ; LEDG[0]     ; 5.259 ; 5.259 ; 5.259 ; 5.259 ;
; SW[1]      ; LEDG[1]     ; 4.799 ; 4.799 ; 4.799 ; 4.799 ;
; SW[1]      ; LEDG[2]     ; 5.935 ; 5.935 ; 5.935 ; 5.935 ;
; SW[1]      ; LEDG[7]     ; 5.780 ;       ;       ; 5.780 ;
; SW[1]      ; LEDR[1]     ; 2.423 ;       ;       ; 2.423 ;
; SW[2]      ; HEX0[0]     ; 3.606 ; 4.022 ; 4.022 ; 3.606 ;
; SW[2]      ; HEX0[1]     ; 3.938 ; 3.938 ; 3.938 ; 3.938 ;
; SW[2]      ; HEX0[2]     ; 3.909 ; 3.971 ; 3.971 ; 3.909 ;
; SW[2]      ; HEX0[3]     ; 3.737 ; 3.737 ; 3.737 ; 3.737 ;
; SW[2]      ; HEX0[4]     ; 4.030 ; 4.064 ; 4.064 ; 4.030 ;
; SW[2]      ; HEX0[5]     ; 3.960 ; 4.183 ; 4.183 ; 3.960 ;
; SW[2]      ; HEX0[6]     ; 3.850 ; 4.100 ; 4.100 ; 3.850 ;
; SW[2]      ; HEX1[0]     ; 4.132 ; 3.916 ; 3.916 ; 4.132 ;
; SW[2]      ; HEX1[1]     ; 4.162 ; 4.201 ; 4.201 ; 4.162 ;
; SW[2]      ; HEX1[2]     ; 4.162 ; 4.201 ; 4.201 ; 4.162 ;
; SW[2]      ; HEX1[3]     ; 4.111 ; 3.895 ; 3.895 ; 4.111 ;
; SW[2]      ; HEX1[4]     ; 4.121 ; 3.905 ; 3.905 ; 4.121 ;
; SW[2]      ; HEX1[5]     ; 4.147 ; 3.931 ; 3.931 ; 4.147 ;
; SW[2]      ; HEX1[6]     ; 4.243 ; 4.204 ; 4.204 ; 4.243 ;
; SW[2]      ; LEDG[0]     ; 5.223 ; 5.223 ; 5.223 ; 5.223 ;
; SW[2]      ; LEDG[1]     ; 5.079 ; 5.079 ; 5.079 ; 5.079 ;
; SW[2]      ; LEDG[2]     ; 5.303 ; 5.303 ; 5.303 ; 5.303 ;
; SW[2]      ; LEDG[7]     ; 5.511 ;       ;       ; 5.511 ;
; SW[2]      ; LEDR[2]     ; 2.611 ;       ;       ; 2.611 ;
; SW[3]      ; HEX0[0]     ; 3.960 ; 3.960 ; 3.960 ; 3.960 ;
; SW[3]      ; HEX0[1]     ; 3.731 ; 3.731 ; 3.731 ; 3.731 ;
; SW[3]      ; HEX0[2]     ; 3.963 ; 3.963 ; 3.963 ; 3.963 ;
; SW[3]      ; HEX0[3]     ; 3.731 ; 3.731 ; 3.731 ; 3.731 ;
; SW[3]      ; HEX0[4]     ; 4.246 ; 4.246 ; 4.246 ; 4.246 ;
; SW[3]      ; HEX0[5]     ; 4.043 ; 4.043 ; 4.043 ; 4.043 ;
; SW[3]      ; HEX0[6]     ; 4.176 ; 4.176 ; 4.176 ; 4.176 ;
; SW[3]      ; HEX1[0]     ; 4.256 ; 4.256 ; 4.256 ; 4.256 ;
; SW[3]      ; HEX1[1]     ; 3.924 ; 3.924 ; 3.924 ; 3.924 ;
; SW[3]      ; HEX1[2]     ; 3.924 ; 3.924 ; 3.924 ; 3.924 ;
; SW[3]      ; HEX1[3]     ; 4.235 ; 4.235 ; 4.235 ; 4.235 ;
; SW[3]      ; HEX1[4]     ; 4.245 ; 4.245 ; 4.245 ; 4.245 ;
; SW[3]      ; HEX1[5]     ; 4.271 ; 4.271 ; 4.271 ; 4.271 ;
; SW[3]      ; HEX1[6]     ; 3.966 ; 3.966 ; 3.966 ; 3.966 ;
; SW[3]      ; HEX2[0]     ; 3.530 ; 3.530 ; 3.530 ; 3.530 ;
; SW[3]      ; HEX2[1]     ; 3.534 ; 3.534 ; 3.534 ; 3.534 ;
; SW[3]      ; HEX2[2]     ;       ; 3.578 ; 3.578 ;       ;
; SW[3]      ; HEX2[3]     ; 3.583 ; 3.583 ; 3.583 ; 3.583 ;
; SW[3]      ; HEX2[4]     ; 3.679 ;       ;       ; 3.679 ;
; SW[3]      ; HEX2[5]     ; 3.675 ;       ;       ; 3.675 ;
; SW[3]      ; HEX2[6]     ; 3.696 ;       ;       ; 3.696 ;
; SW[3]      ; LEDG[0]     ; 4.946 ; 4.946 ; 4.946 ; 4.946 ;
; SW[3]      ; LEDG[1]     ; 5.341 ; 5.341 ; 5.341 ; 5.341 ;
; SW[3]      ; LEDG[2]     ; 6.508 ; 6.508 ; 6.508 ; 6.508 ;
; SW[3]      ; LEDG[7]     ; 6.329 ;       ;       ; 6.329 ;
; SW[3]      ; LEDR[6]     ; 2.844 ;       ;       ; 2.844 ;
; SW[4]      ; HEX0[0]     ; 4.344 ; 4.344 ; 4.344 ; 4.344 ;
; SW[4]      ; HEX0[1]     ; 4.381 ; 4.381 ; 4.381 ; 4.381 ;
; SW[4]      ; HEX0[2]     ; 4.234 ; 4.234 ; 4.234 ; 4.234 ;
; SW[4]      ; HEX0[3]     ; 4.410 ; 4.410 ; 4.410 ; 4.410 ;
; SW[4]      ; HEX0[4]     ; 4.615 ; 4.615 ; 4.615 ; 4.615 ;
; SW[4]      ; HEX0[5]     ; 4.476 ; 4.476 ; 4.476 ; 4.476 ;
; SW[4]      ; HEX0[6]     ; 4.673 ; 4.386 ; 4.386 ; 4.673 ;
; SW[4]      ; HEX1[0]     ; 4.396 ; 4.396 ; 4.396 ; 4.396 ;
; SW[4]      ; HEX1[1]     ; 4.559 ; 4.504 ; 4.504 ; 4.559 ;
; SW[4]      ; HEX1[2]     ; 4.559 ; 4.504 ; 4.504 ; 4.559 ;
; SW[4]      ; HEX1[3]     ; 4.375 ; 4.375 ; 4.375 ; 4.375 ;
; SW[4]      ; HEX1[4]     ; 4.385 ; 4.385 ; 4.385 ; 4.385 ;
; SW[4]      ; HEX1[5]     ; 4.411 ; 4.411 ; 4.411 ; 4.411 ;
; SW[4]      ; HEX1[6]     ; 4.546 ; 4.601 ; 4.601 ; 4.546 ;
; SW[4]      ; HEX2[0]     ;       ; 3.791 ; 3.791 ;       ;
; SW[4]      ; HEX2[1]     ; 3.793 ; 3.793 ; 3.793 ; 3.793 ;
; SW[4]      ; HEX2[2]     ; 3.842 ;       ;       ; 3.842 ;
; SW[4]      ; HEX2[3]     ; 3.845 ; 3.845 ; 3.845 ; 3.845 ;
; SW[4]      ; HEX2[4]     ;       ; 3.939 ; 3.939 ;       ;
; SW[4]      ; HEX2[5]     ; 3.937 ;       ;       ; 3.937 ;
; SW[4]      ; HEX2[6]     ; 3.957 ; 3.957 ; 3.957 ; 3.957 ;
; SW[4]      ; LEDG[1]     ; 4.812 ; 4.812 ; 4.812 ; 4.812 ;
; SW[4]      ; LEDG[2]     ; 5.976 ; 5.976 ; 5.976 ; 5.976 ;
; SW[4]      ; LEDG[7]     ; 5.797 ;       ;       ; 5.797 ;
; SW[4]      ; LEDR[7]     ; 2.626 ;       ;       ; 2.626 ;
; SW[5]      ; HEX0[0]     ; 4.276 ; 4.276 ; 4.276 ; 4.276 ;
; SW[5]      ; HEX0[1]     ; 4.320 ; 4.320 ; 4.320 ; 4.320 ;
; SW[5]      ; HEX0[2]     ; 4.318 ; 4.318 ; 4.318 ; 4.318 ;
; SW[5]      ; HEX0[3]     ; 4.084 ; 4.084 ; 4.084 ; 4.084 ;
; SW[5]      ; HEX0[4]     ; 4.413 ; 4.413 ; 4.413 ; 4.413 ;
; SW[5]      ; HEX0[5]     ; 4.530 ; 4.530 ; 4.530 ; 4.530 ;
; SW[5]      ; HEX0[6]     ; 4.477 ; 4.408 ; 4.408 ; 4.477 ;
; SW[5]      ; HEX1[0]     ; 4.479 ; 4.433 ; 4.433 ; 4.479 ;
; SW[5]      ; HEX1[1]     ; 4.265 ; 4.265 ; 4.265 ; 4.265 ;
; SW[5]      ; HEX1[2]     ; 4.265 ; 4.265 ; 4.265 ; 4.265 ;
; SW[5]      ; HEX1[3]     ; 4.458 ; 4.412 ; 4.412 ; 4.458 ;
; SW[5]      ; HEX1[4]     ; 4.468 ; 4.422 ; 4.422 ; 4.468 ;
; SW[5]      ; HEX1[5]     ; 4.494 ; 4.448 ; 4.448 ; 4.494 ;
; SW[5]      ; HEX1[6]     ; 4.307 ; 4.307 ; 4.307 ; 4.307 ;
; SW[5]      ; HEX2[0]     ; 3.423 ; 3.423 ; 3.423 ; 3.423 ;
; SW[5]      ; HEX2[1]     ; 3.436 ;       ;       ; 3.436 ;
; SW[5]      ; HEX2[2]     ;       ; 3.468 ; 3.468 ;       ;
; SW[5]      ; HEX2[3]     ; 3.478 ; 3.478 ; 3.478 ; 3.478 ;
; SW[5]      ; HEX2[4]     ; 3.583 ;       ;       ; 3.583 ;
; SW[5]      ; HEX2[5]     ;       ; 3.573 ; 3.573 ;       ;
; SW[5]      ; HEX2[6]     ; 3.596 ; 3.596 ; 3.596 ; 3.596 ;
; SW[5]      ; LEDG[2]     ; 5.650 ; 5.650 ; 5.650 ; 5.650 ;
; SW[5]      ; LEDG[7]     ; 5.819 ;       ;       ; 5.819 ;
; SW[5]      ; LEDR[8]     ; 2.658 ;       ;       ; 2.658 ;
; SW[6]      ; HEX0[0]     ; 4.062 ; 4.062 ; 4.062 ; 4.062 ;
; SW[6]      ; HEX0[1]     ; 4.041 ; 4.041 ; 4.041 ; 4.041 ;
; SW[6]      ; HEX0[2]     ; 3.712 ; 3.712 ; 3.712 ; 3.712 ;
; SW[6]      ; HEX0[3]     ; 4.041 ; 4.041 ; 4.041 ; 4.041 ;
; SW[6]      ; HEX0[4]     ; 4.229 ; 4.229 ; 4.229 ; 4.229 ;
; SW[6]      ; HEX0[5]     ; 4.353 ; 4.353 ; 4.353 ; 4.353 ;
; SW[6]      ; HEX0[6]     ; 4.486 ; 4.486 ; 4.486 ; 4.486 ;
; SW[6]      ; HEX1[0]     ; 4.253 ; 4.253 ; 4.253 ; 4.253 ;
; SW[6]      ; HEX1[1]     ; 3.921 ; 3.921 ; 3.921 ; 3.921 ;
; SW[6]      ; HEX1[2]     ; 3.921 ; 3.921 ; 3.921 ; 3.921 ;
; SW[6]      ; HEX1[3]     ; 4.232 ; 4.232 ; 4.232 ; 4.232 ;
; SW[6]      ; HEX1[4]     ; 4.242 ; 4.242 ; 4.242 ; 4.242 ;
; SW[6]      ; HEX1[5]     ; 4.268 ; 4.268 ; 4.268 ; 4.268 ;
; SW[6]      ; HEX1[6]     ; 3.963 ; 3.963 ; 3.963 ; 3.963 ;
; SW[6]      ; HEX3[0]     ; 3.445 ; 3.445 ; 3.445 ; 3.445 ;
; SW[6]      ; HEX3[1]     ; 3.719 ; 3.719 ; 3.719 ; 3.719 ;
; SW[6]      ; HEX3[2]     ;       ; 3.713 ; 3.713 ;       ;
; SW[6]      ; HEX3[3]     ; 3.411 ; 3.411 ; 3.411 ; 3.411 ;
; SW[6]      ; HEX3[4]     ; 3.290 ;       ;       ; 3.290 ;
; SW[6]      ; HEX3[5]     ; 3.455 ;       ;       ; 3.455 ;
; SW[6]      ; HEX3[6]     ; 3.592 ;       ;       ; 3.592 ;
; SW[6]      ; LEDG[0]     ; 5.256 ; 5.256 ; 5.256 ; 5.256 ;
; SW[6]      ; LEDG[1]     ; 5.652 ; 5.652 ; 5.652 ; 5.652 ;
; SW[6]      ; LEDG[2]     ; 6.819 ; 6.819 ; 6.819 ; 6.819 ;
; SW[6]      ; LEDG[7]     ; 6.640 ; 6.640 ; 6.640 ; 6.640 ;
; SW[6]      ; LEDR[3]     ; 2.521 ;       ;       ; 2.521 ;
; SW[7]      ; HEX0[0]     ; 3.787 ; 3.787 ; 3.787 ; 3.787 ;
; SW[7]      ; HEX0[1]     ; 4.079 ; 4.079 ; 4.079 ; 4.079 ;
; SW[7]      ; HEX0[2]     ; 3.437 ; 3.437 ; 3.437 ; 3.437 ;
; SW[7]      ; HEX0[3]     ; 4.091 ; 4.091 ; 4.091 ; 4.091 ;
; SW[7]      ; HEX0[4]     ; 3.954 ; 3.954 ; 3.954 ; 3.954 ;
; SW[7]      ; HEX0[5]     ; 4.111 ; 4.111 ; 4.111 ; 4.111 ;
; SW[7]      ; HEX0[6]     ; 4.170 ; 4.170 ; 4.170 ; 4.170 ;
; SW[7]      ; HEX1[0]     ; 3.978 ; 3.978 ; 3.978 ; 3.978 ;
; SW[7]      ; HEX1[1]     ; 3.646 ; 3.646 ; 3.646 ; 3.646 ;
; SW[7]      ; HEX1[2]     ; 3.646 ; 3.646 ; 3.646 ; 3.646 ;
; SW[7]      ; HEX1[3]     ; 3.957 ; 3.957 ; 3.957 ; 3.957 ;
; SW[7]      ; HEX1[4]     ; 3.967 ; 3.967 ; 3.967 ; 3.967 ;
; SW[7]      ; HEX1[5]     ; 3.993 ; 3.993 ; 3.993 ; 3.993 ;
; SW[7]      ; HEX1[6]     ; 3.688 ; 3.688 ; 3.688 ; 3.688 ;
; SW[7]      ; HEX3[0]     ;       ; 3.016 ; 3.016 ;       ;
; SW[7]      ; HEX3[1]     ; 3.293 ; 3.293 ; 3.293 ; 3.293 ;
; SW[7]      ; HEX3[2]     ; 3.289 ;       ;       ; 3.289 ;
; SW[7]      ; HEX3[3]     ; 2.979 ; 2.979 ; 2.979 ; 2.979 ;
; SW[7]      ; HEX3[4]     ;       ; 2.862 ; 2.862 ;       ;
; SW[7]      ; HEX3[5]     ; 3.026 ;       ;       ; 3.026 ;
; SW[7]      ; HEX3[6]     ; 3.163 ; 3.163 ; 3.163 ; 3.163 ;
; SW[7]      ; LEDG[1]     ; 4.595 ; 4.595 ; 4.595 ; 4.595 ;
; SW[7]      ; LEDG[2]     ; 5.760 ; 5.760 ; 5.760 ; 5.760 ;
; SW[7]      ; LEDG[7]     ; 5.581 ; 5.581 ; 5.581 ; 5.581 ;
; SW[7]      ; LEDR[4]     ; 3.246 ;       ;       ; 3.246 ;
; SW[8]      ; HEX0[0]     ; 3.958 ; 3.958 ; 3.958 ; 3.958 ;
; SW[8]      ; HEX0[1]     ; 4.002 ; 4.002 ; 4.002 ; 4.002 ;
; SW[8]      ; HEX0[2]     ; 4.000 ; 4.000 ; 4.000 ; 4.000 ;
; SW[8]      ; HEX0[3]     ; 3.766 ; 3.766 ; 3.766 ; 3.766 ;
; SW[8]      ; HEX0[4]     ; 4.095 ; 4.095 ; 4.095 ; 4.095 ;
; SW[8]      ; HEX0[5]     ; 4.212 ; 4.212 ; 4.212 ; 4.212 ;
; SW[8]      ; HEX0[6]     ; 4.159 ; 4.159 ; 4.159 ; 4.159 ;
; SW[8]      ; HEX1[0]     ; 4.161 ; 4.161 ; 4.161 ; 4.161 ;
; SW[8]      ; HEX1[1]     ; 3.947 ; 3.947 ; 3.947 ; 3.947 ;
; SW[8]      ; HEX1[2]     ; 3.947 ; 3.947 ; 3.947 ; 3.947 ;
; SW[8]      ; HEX1[3]     ; 4.140 ; 4.140 ; 4.140 ; 4.140 ;
; SW[8]      ; HEX1[4]     ; 4.150 ; 4.150 ; 4.150 ; 4.150 ;
; SW[8]      ; HEX1[5]     ; 4.176 ; 4.176 ; 4.176 ; 4.176 ;
; SW[8]      ; HEX1[6]     ; 3.989 ; 3.989 ; 3.989 ; 3.989 ;
; SW[8]      ; HEX3[0]     ; 3.124 ; 3.124 ; 3.124 ; 3.124 ;
; SW[8]      ; HEX3[1]     ; 3.404 ;       ;       ; 3.404 ;
; SW[8]      ; HEX3[2]     ;       ; 3.391 ; 3.391 ;       ;
; SW[8]      ; HEX3[3]     ; 3.089 ; 3.089 ; 3.089 ; 3.089 ;
; SW[8]      ; HEX3[4]     ; 2.968 ;       ;       ; 2.968 ;
; SW[8]      ; HEX3[5]     ;       ; 3.134 ; 3.134 ;       ;
; SW[8]      ; HEX3[6]     ; 3.270 ; 3.270 ; 3.270 ; 3.270 ;
; SW[8]      ; LEDG[2]     ; 5.332 ; 5.332 ; 5.332 ; 5.332 ;
; SW[8]      ; LEDG[7]     ; 5.671 ; 5.671 ; 5.671 ; 5.671 ;
; SW[8]      ; LEDR[5]     ; 2.968 ;       ;       ; 2.968 ;
; SW[9]      ; HEX0[0]     ; 3.848 ; 3.848 ; 3.848 ; 3.848 ;
; SW[9]      ; HEX0[1]     ; 3.764 ; 3.764 ; 3.764 ; 3.764 ;
; SW[9]      ; HEX0[2]     ; 3.801 ; 3.801 ; 3.801 ; 3.801 ;
; SW[9]      ; HEX0[3]     ; 3.833 ; 3.833 ; 3.833 ; 3.833 ;
; SW[9]      ; HEX0[4]     ; 3.936 ; 4.318 ; 4.318 ; 3.936 ;
; SW[9]      ; HEX0[5]     ; 3.962 ; 4.054 ; 4.054 ; 3.962 ;
; SW[9]      ; HEX0[6]     ; 3.676 ; 3.960 ; 3.960 ; 3.676 ;
; SW[9]      ; HEX1[0]     ; 4.320 ; 3.742 ; 3.742 ; 4.320 ;
; SW[9]      ; HEX1[1]     ; 3.988 ; 4.010 ; 4.010 ; 3.988 ;
; SW[9]      ; HEX1[2]     ; 3.988 ; 4.010 ; 4.010 ; 3.988 ;
; SW[9]      ; HEX1[3]     ; 4.299 ; 3.721 ; 3.721 ; 4.299 ;
; SW[9]      ; HEX1[4]     ; 4.309 ; 3.731 ; 3.731 ; 4.309 ;
; SW[9]      ; HEX1[5]     ; 4.335 ; 3.757 ; 3.757 ; 4.335 ;
; SW[9]      ; HEX1[6]     ; 4.052 ; 4.030 ; 4.030 ; 4.052 ;
; SW[9]      ; LEDG[0]     ; 5.048 ; 5.048 ; 5.048 ; 5.048 ;
; SW[9]      ; LEDG[1]     ; 5.447 ; 5.447 ; 5.447 ; 5.447 ;
; SW[9]      ; LEDG[2]     ; 6.614 ; 6.614 ; 6.614 ; 6.614 ;
; SW[9]      ; LEDG[7]     ; 6.435 ;       ;       ; 6.435 ;
; SW[9]      ; LEDR[9]     ; 3.033 ;       ;       ; 3.033 ;
+------------+-------------+-------+-------+-------+-------+


+----------------------------------------------------------------------------+
; Multicorner Timing Analysis Summary                                        ;
+------------------+-------+------+----------+---------+---------------------+
; Clock            ; Setup ; Hold ; Recovery ; Removal ; Minimum Pulse Width ;
+------------------+-------+------+----------+---------+---------------------+
; Worst-case Slack ; N/A   ; N/A  ; N/A      ; N/A     ; N/A                 ;
; Design-wide TNS  ; 0.0   ; 0.0  ; 0.0      ; 0.0     ; 0.0                 ;
+------------------+-------+------+----------+---------+---------------------+


+--------------------------------------------------------------+
; Progagation Delay                                            ;
+------------+-------------+--------+--------+--------+--------+
; Input Port ; Output Port ; RR     ; RF     ; FR     ; FF     ;
+------------+-------------+--------+--------+--------+--------+
; SW[0]      ; HEX0[0]     ; 15.009 ; 15.009 ; 15.009 ; 15.009 ;
; SW[0]      ; HEX0[1]     ; 14.316 ; 14.316 ; 14.316 ; 14.316 ;
; SW[0]      ; HEX0[2]     ; 14.120 ; 14.120 ; 14.120 ; 14.120 ;
; SW[0]      ; HEX0[3]     ; 15.337 ; 15.337 ; 15.337 ; 15.337 ;
; SW[0]      ; HEX0[4]     ; 14.972 ; 14.972 ; 14.972 ; 14.972 ;
; SW[0]      ; HEX0[5]     ; 15.114 ; 15.114 ; 15.114 ; 15.114 ;
; SW[0]      ; HEX0[6]     ; 15.527 ; 15.527 ; 15.527 ; 15.527 ;
; SW[0]      ; HEX1[0]     ; 14.916 ; 14.916 ; 14.916 ; 14.916 ;
; SW[0]      ; HEX1[1]     ; 14.050 ; 14.050 ; 14.050 ; 14.050 ;
; SW[0]      ; HEX1[2]     ; 14.050 ; 14.050 ; 14.050 ; 14.050 ;
; SW[0]      ; HEX1[3]     ; 14.897 ; 14.897 ; 14.897 ; 14.897 ;
; SW[0]      ; HEX1[4]     ; 14.907 ; 14.907 ; 14.907 ; 14.907 ;
; SW[0]      ; HEX1[5]     ; 14.933 ; 14.933 ; 14.933 ; 14.933 ;
; SW[0]      ; HEX1[6]     ; 14.087 ; 14.087 ; 14.087 ; 14.087 ;
; SW[0]      ; LEDG[0]     ; 12.335 ; 12.335 ; 12.335 ; 12.335 ;
; SW[0]      ; LEDG[1]     ; 13.306 ; 13.306 ; 13.306 ; 13.306 ;
; SW[0]      ; LEDG[2]     ; 15.966 ; 15.966 ; 15.966 ; 15.966 ;
; SW[0]      ; LEDG[7]     ; 15.487 ; 15.487 ; 15.487 ; 15.487 ;
; SW[0]      ; LEDR[0]     ; 4.635  ;        ;        ; 4.635  ;
; SW[1]      ; HEX0[0]     ; 14.727 ; 14.727 ; 14.727 ; 14.727 ;
; SW[1]      ; HEX0[1]     ; 14.034 ; 14.034 ; 14.034 ; 14.034 ;
; SW[1]      ; HEX0[2]     ; 13.838 ; 13.838 ; 13.838 ; 13.838 ;
; SW[1]      ; HEX0[3]     ; 15.055 ; 15.055 ; 15.055 ; 15.055 ;
; SW[1]      ; HEX0[4]     ; 14.690 ; 14.690 ; 14.690 ; 14.690 ;
; SW[1]      ; HEX0[5]     ; 14.832 ; 14.832 ; 14.832 ; 14.832 ;
; SW[1]      ; HEX0[6]     ; 15.245 ; 15.245 ; 15.245 ; 15.245 ;
; SW[1]      ; HEX1[0]     ; 14.634 ; 14.634 ; 14.634 ; 14.634 ;
; SW[1]      ; HEX1[1]     ; 13.768 ; 13.768 ; 13.768 ; 13.768 ;
; SW[1]      ; HEX1[2]     ; 13.768 ; 13.768 ; 13.768 ; 13.768 ;
; SW[1]      ; HEX1[3]     ; 14.615 ; 14.615 ; 14.615 ; 14.615 ;
; SW[1]      ; HEX1[4]     ; 14.625 ; 14.625 ; 14.625 ; 14.625 ;
; SW[1]      ; HEX1[5]     ; 14.651 ; 14.651 ; 14.651 ; 14.651 ;
; SW[1]      ; HEX1[6]     ; 13.805 ; 13.805 ; 13.805 ; 13.805 ;
; SW[1]      ; LEDG[0]     ; 12.054 ; 12.054 ; 12.054 ; 12.054 ;
; SW[1]      ; LEDG[1]     ; 13.024 ; 13.024 ; 13.024 ; 13.024 ;
; SW[1]      ; LEDG[2]     ; 15.684 ; 15.684 ; 15.684 ; 15.684 ;
; SW[1]      ; LEDG[7]     ; 15.205 ;        ;        ; 15.205 ;
; SW[1]      ; LEDR[1]     ; 4.978  ;        ;        ; 4.978  ;
; SW[2]      ; HEX0[0]     ; 14.631 ; 14.631 ; 14.631 ; 14.631 ;
; SW[2]      ; HEX0[1]     ; 13.938 ; 13.938 ; 13.938 ; 13.938 ;
; SW[2]      ; HEX0[2]     ; 13.742 ; 13.742 ; 13.742 ; 13.742 ;
; SW[2]      ; HEX0[3]     ; 14.959 ; 14.959 ; 14.959 ; 14.959 ;
; SW[2]      ; HEX0[4]     ; 14.594 ; 14.594 ; 14.594 ; 14.594 ;
; SW[2]      ; HEX0[5]     ; 14.736 ; 14.736 ; 14.736 ; 14.736 ;
; SW[2]      ; HEX0[6]     ; 15.149 ; 15.149 ; 15.149 ; 15.149 ;
; SW[2]      ; HEX1[0]     ; 14.538 ; 14.538 ; 14.538 ; 14.538 ;
; SW[2]      ; HEX1[1]     ; 13.672 ; 13.672 ; 13.672 ; 13.672 ;
; SW[2]      ; HEX1[2]     ; 13.672 ; 13.672 ; 13.672 ; 13.672 ;
; SW[2]      ; HEX1[3]     ; 14.519 ; 14.519 ; 14.519 ; 14.519 ;
; SW[2]      ; HEX1[4]     ; 14.529 ; 14.529 ; 14.529 ; 14.529 ;
; SW[2]      ; HEX1[5]     ; 14.555 ; 14.555 ; 14.555 ; 14.555 ;
; SW[2]      ; HEX1[6]     ; 13.709 ; 13.709 ; 13.709 ; 13.709 ;
; SW[2]      ; LEDG[0]     ; 11.957 ; 11.957 ; 11.957 ; 11.957 ;
; SW[2]      ; LEDG[1]     ; 12.928 ; 12.928 ; 12.928 ; 12.928 ;
; SW[2]      ; LEDG[2]     ; 15.588 ; 15.588 ; 15.588 ; 15.588 ;
; SW[2]      ; LEDG[7]     ; 15.109 ;        ;        ; 15.109 ;
; SW[2]      ; LEDR[2]     ; 5.387  ;        ;        ; 5.387  ;
; SW[3]      ; HEX0[0]     ; 13.842 ; 13.842 ; 13.842 ; 13.842 ;
; SW[3]      ; HEX0[1]     ; 13.149 ; 13.149 ; 13.149 ; 13.149 ;
; SW[3]      ; HEX0[2]     ; 12.953 ; 12.953 ; 12.953 ; 12.953 ;
; SW[3]      ; HEX0[3]     ; 14.170 ; 14.170 ; 14.170 ; 14.170 ;
; SW[3]      ; HEX0[4]     ; 13.805 ; 13.805 ; 13.805 ; 13.805 ;
; SW[3]      ; HEX0[5]     ; 13.947 ; 13.947 ; 13.947 ; 13.947 ;
; SW[3]      ; HEX0[6]     ; 14.360 ; 14.360 ; 14.360 ; 14.360 ;
; SW[3]      ; HEX1[0]     ; 13.749 ; 13.749 ; 13.749 ; 13.749 ;
; SW[3]      ; HEX1[1]     ; 12.883 ; 12.883 ; 12.883 ; 12.883 ;
; SW[3]      ; HEX1[2]     ; 12.883 ; 12.883 ; 12.883 ; 12.883 ;
; SW[3]      ; HEX1[3]     ; 13.730 ; 13.730 ; 13.730 ; 13.730 ;
; SW[3]      ; HEX1[4]     ; 13.740 ; 13.740 ; 13.740 ; 13.740 ;
; SW[3]      ; HEX1[5]     ; 13.766 ; 13.766 ; 13.766 ; 13.766 ;
; SW[3]      ; HEX1[6]     ; 12.920 ; 12.920 ; 12.920 ; 12.920 ;
; SW[3]      ; HEX2[0]     ; 7.640  ; 7.640  ; 7.640  ; 7.640  ;
; SW[3]      ; HEX2[1]     ; 7.648  ; 7.648  ; 7.648  ; 7.648  ;
; SW[3]      ; HEX2[2]     ;        ; 7.682  ; 7.682  ;        ;
; SW[3]      ; HEX2[3]     ; 7.698  ; 7.698  ; 7.698  ; 7.698  ;
; SW[3]      ; HEX2[4]     ; 7.948  ;        ;        ; 7.948  ;
; SW[3]      ; HEX2[5]     ; 7.996  ;        ;        ; 7.996  ;
; SW[3]      ; HEX2[6]     ; 8.021  ;        ;        ; 8.021  ;
; SW[3]      ; LEDG[0]     ; 11.169 ; 11.169 ; 11.169 ; 11.169 ;
; SW[3]      ; LEDG[1]     ; 12.139 ; 12.139 ; 12.139 ; 12.139 ;
; SW[3]      ; LEDG[2]     ; 14.799 ; 14.799 ; 14.799 ; 14.799 ;
; SW[3]      ; LEDG[7]     ; 14.320 ;        ;        ; 14.320 ;
; SW[3]      ; LEDR[6]     ; 5.790  ;        ;        ; 5.790  ;
; SW[4]      ; HEX0[0]     ; 12.153 ; 12.153 ; 12.153 ; 12.153 ;
; SW[4]      ; HEX0[1]     ; 11.959 ; 11.959 ; 11.959 ; 11.959 ;
; SW[4]      ; HEX0[2]     ; 11.264 ; 11.264 ; 11.264 ; 11.264 ;
; SW[4]      ; HEX0[3]     ; 12.481 ; 12.481 ; 12.481 ; 12.481 ;
; SW[4]      ; HEX0[4]     ; 12.116 ; 12.116 ; 12.116 ; 12.116 ;
; SW[4]      ; HEX0[5]     ; 12.258 ; 12.258 ; 12.258 ; 12.258 ;
; SW[4]      ; HEX0[6]     ; 12.671 ; 12.671 ; 12.671 ; 12.671 ;
; SW[4]      ; HEX1[0]     ; 12.060 ; 12.060 ; 12.060 ; 12.060 ;
; SW[4]      ; HEX1[1]     ; 11.194 ; 11.194 ; 11.194 ; 11.194 ;
; SW[4]      ; HEX1[2]     ; 11.194 ; 11.194 ; 11.194 ; 11.194 ;
; SW[4]      ; HEX1[3]     ; 12.041 ; 12.041 ; 12.041 ; 12.041 ;
; SW[4]      ; HEX1[4]     ; 12.051 ; 12.051 ; 12.051 ; 12.051 ;
; SW[4]      ; HEX1[5]     ; 12.077 ; 12.077 ; 12.077 ; 12.077 ;
; SW[4]      ; HEX1[6]     ; 11.231 ; 11.231 ; 11.231 ; 11.231 ;
; SW[4]      ; HEX2[0]     ;        ; 8.062  ; 8.062  ;        ;
; SW[4]      ; HEX2[1]     ; 8.090  ; 8.090  ; 8.090  ; 8.090  ;
; SW[4]      ; HEX2[2]     ; 8.165  ;        ;        ; 8.165  ;
; SW[4]      ; HEX2[3]     ; 8.151  ; 8.151  ; 8.151  ; 8.151  ;
; SW[4]      ; HEX2[4]     ;        ; 8.472  ; 8.472  ;        ;
; SW[4]      ; HEX2[5]     ; 8.452  ;        ;        ; 8.452  ;
; SW[4]      ; HEX2[6]     ; 8.471  ; 8.471  ; 8.471  ; 8.471  ;
; SW[4]      ; LEDG[1]     ; 10.449 ; 10.449 ; 10.449 ; 10.449 ;
; SW[4]      ; LEDG[2]     ; 13.110 ; 13.110 ; 13.110 ; 13.110 ;
; SW[4]      ; LEDG[7]     ; 12.631 ;        ;        ; 12.631 ;
; SW[4]      ; LEDR[7]     ; 5.305  ;        ;        ; 5.305  ;
; SW[5]      ; HEX0[0]     ; 11.224 ; 11.224 ; 11.224 ; 11.224 ;
; SW[5]      ; HEX0[1]     ; 11.427 ; 11.427 ; 11.427 ; 11.427 ;
; SW[5]      ; HEX0[2]     ; 11.389 ; 11.032 ; 11.032 ; 11.389 ;
; SW[5]      ; HEX0[3]     ; 11.416 ; 11.416 ; 11.416 ; 11.416 ;
; SW[5]      ; HEX0[4]     ; 11.982 ; 11.606 ; 11.606 ; 11.982 ;
; SW[5]      ; HEX0[5]     ; 11.451 ; 11.451 ; 11.451 ; 11.451 ;
; SW[5]      ; HEX0[6]     ; 11.797 ; 11.797 ; 11.797 ; 11.797 ;
; SW[5]      ; HEX1[0]     ; 10.705 ; 11.247 ; 11.247 ; 10.705 ;
; SW[5]      ; HEX1[1]     ; 9.839  ; 10.381 ; 10.381 ; 9.839  ;
; SW[5]      ; HEX1[2]     ; 9.839  ; 10.381 ; 10.381 ; 9.839  ;
; SW[5]      ; HEX1[3]     ; 10.686 ; 11.228 ; 11.228 ; 10.686 ;
; SW[5]      ; HEX1[4]     ; 10.696 ; 11.238 ; 11.238 ; 10.696 ;
; SW[5]      ; HEX1[5]     ; 10.722 ; 11.264 ; 11.264 ; 10.722 ;
; SW[5]      ; HEX1[6]     ; 10.418 ; 9.876  ; 9.876  ; 10.418 ;
; SW[5]      ; HEX2[0]     ; 7.381  ; 7.381  ; 7.381  ; 7.381  ;
; SW[5]      ; HEX2[1]     ; 7.405  ;        ;        ; 7.405  ;
; SW[5]      ; HEX2[2]     ;        ; 7.424  ; 7.424  ;        ;
; SW[5]      ; HEX2[3]     ; 7.443  ; 7.443  ; 7.443  ; 7.443  ;
; SW[5]      ; HEX2[4]     ; 7.751  ;        ;        ; 7.751  ;
; SW[5]      ; HEX2[5]     ;        ; 7.749  ; 7.749  ;        ;
; SW[5]      ; HEX2[6]     ; 7.776  ; 7.776  ; 7.776  ; 7.776  ;
; SW[5]      ; LEDG[2]     ; 12.600 ; 12.600 ; 12.600 ; 12.600 ;
; SW[5]      ; LEDG[7]     ; 12.992 ;        ;        ; 12.992 ;
; SW[5]      ; LEDR[8]     ; 5.529  ;        ;        ; 5.529  ;
; SW[6]      ; HEX0[0]     ; 14.768 ; 14.768 ; 14.768 ; 14.768 ;
; SW[6]      ; HEX0[1]     ; 14.075 ; 14.075 ; 14.075 ; 14.075 ;
; SW[6]      ; HEX0[2]     ; 13.879 ; 13.879 ; 13.879 ; 13.879 ;
; SW[6]      ; HEX0[3]     ; 15.096 ; 15.096 ; 15.096 ; 15.096 ;
; SW[6]      ; HEX0[4]     ; 14.731 ; 14.731 ; 14.731 ; 14.731 ;
; SW[6]      ; HEX0[5]     ; 14.873 ; 14.873 ; 14.873 ; 14.873 ;
; SW[6]      ; HEX0[6]     ; 15.286 ; 15.286 ; 15.286 ; 15.286 ;
; SW[6]      ; HEX1[0]     ; 14.675 ; 14.675 ; 14.675 ; 14.675 ;
; SW[6]      ; HEX1[1]     ; 13.809 ; 13.809 ; 13.809 ; 13.809 ;
; SW[6]      ; HEX1[2]     ; 13.809 ; 13.809 ; 13.809 ; 13.809 ;
; SW[6]      ; HEX1[3]     ; 14.656 ; 14.656 ; 14.656 ; 14.656 ;
; SW[6]      ; HEX1[4]     ; 14.666 ; 14.666 ; 14.666 ; 14.666 ;
; SW[6]      ; HEX1[5]     ; 14.692 ; 14.692 ; 14.692 ; 14.692 ;
; SW[6]      ; HEX1[6]     ; 13.846 ; 13.846 ; 13.846 ; 13.846 ;
; SW[6]      ; HEX3[0]     ; 7.398  ; 7.398  ; 7.398  ; 7.398  ;
; SW[6]      ; HEX3[1]     ; 7.925  ; 7.925  ; 7.925  ; 7.925  ;
; SW[6]      ; HEX3[2]     ;        ; 7.916  ; 7.916  ;        ;
; SW[6]      ; HEX3[3]     ; 7.347  ; 7.347  ; 7.347  ; 7.347  ;
; SW[6]      ; HEX3[4]     ; 6.984  ;        ;        ; 6.984  ;
; SW[6]      ; HEX3[5]     ; 7.405  ;        ;        ; 7.405  ;
; SW[6]      ; HEX3[6]     ; 7.754  ;        ;        ; 7.754  ;
; SW[6]      ; LEDG[0]     ; 12.094 ; 12.094 ; 12.094 ; 12.094 ;
; SW[6]      ; LEDG[1]     ; 13.065 ; 13.065 ; 13.065 ; 13.065 ;
; SW[6]      ; LEDG[2]     ; 15.725 ; 15.725 ; 15.725 ; 15.725 ;
; SW[6]      ; LEDG[7]     ; 15.246 ; 15.246 ; 15.246 ; 15.246 ;
; SW[6]      ; LEDR[3]     ; 5.146  ;        ;        ; 5.146  ;
; SW[7]      ; HEX0[0]     ; 12.023 ; 12.023 ; 12.023 ; 12.023 ;
; SW[7]      ; HEX0[1]     ; 11.330 ; 11.330 ; 11.330 ; 11.330 ;
; SW[7]      ; HEX0[2]     ; 11.134 ; 11.134 ; 11.134 ; 11.134 ;
; SW[7]      ; HEX0[3]     ; 12.351 ; 12.351 ; 12.351 ; 12.351 ;
; SW[7]      ; HEX0[4]     ; 11.986 ; 11.986 ; 11.986 ; 11.986 ;
; SW[7]      ; HEX0[5]     ; 12.128 ; 12.128 ; 12.128 ; 12.128 ;
; SW[7]      ; HEX0[6]     ; 12.541 ; 12.541 ; 12.541 ; 12.541 ;
; SW[7]      ; HEX1[0]     ; 11.930 ; 11.930 ; 11.930 ; 11.930 ;
; SW[7]      ; HEX1[1]     ; 11.064 ; 11.064 ; 11.064 ; 11.064 ;
; SW[7]      ; HEX1[2]     ; 11.064 ; 11.064 ; 11.064 ; 11.064 ;
; SW[7]      ; HEX1[3]     ; 11.911 ; 11.911 ; 11.911 ; 11.911 ;
; SW[7]      ; HEX1[4]     ; 11.921 ; 11.921 ; 11.921 ; 11.921 ;
; SW[7]      ; HEX1[5]     ; 11.947 ; 11.947 ; 11.947 ; 11.947 ;
; SW[7]      ; HEX1[6]     ; 11.101 ; 11.101 ; 11.101 ; 11.101 ;
; SW[7]      ; HEX3[0]     ;        ; 6.356  ; 6.356  ;        ;
; SW[7]      ; HEX3[1]     ; 6.946  ; 6.946  ; 6.946  ; 6.946  ;
; SW[7]      ; HEX3[2]     ; 6.934  ;        ;        ; 6.934  ;
; SW[7]      ; HEX3[3]     ; 6.366  ; 6.366  ; 6.366  ; 6.366  ;
; SW[7]      ; HEX3[4]     ;        ; 6.050  ; 6.050  ;        ;
; SW[7]      ; HEX3[5]     ; 6.428  ;        ;        ; 6.428  ;
; SW[7]      ; HEX3[6]     ; 6.775  ; 6.775  ; 6.775  ; 6.775  ;
; SW[7]      ; LEDG[1]     ; 10.319 ; 10.319 ; 10.319 ; 10.319 ;
; SW[7]      ; LEDG[2]     ; 12.980 ; 12.980 ; 12.980 ; 12.980 ;
; SW[7]      ; LEDG[7]     ; 12.501 ; 12.501 ; 12.501 ; 12.501 ;
; SW[7]      ; LEDR[4]     ; 6.690  ;        ;        ; 6.690  ;
; SW[8]      ; HEX0[0]     ; 10.988 ; 10.988 ; 10.988 ; 10.988 ;
; SW[8]      ; HEX0[1]     ; 11.191 ; 11.191 ; 11.191 ; 11.191 ;
; SW[8]      ; HEX0[2]     ; 11.153 ; 11.153 ; 11.153 ; 11.153 ;
; SW[8]      ; HEX0[3]     ; 11.180 ; 11.180 ; 11.180 ; 11.180 ;
; SW[8]      ; HEX0[4]     ; 11.746 ; 11.746 ; 11.746 ; 11.746 ;
; SW[8]      ; HEX0[5]     ; 11.215 ; 11.215 ; 11.215 ; 11.215 ;
; SW[8]      ; HEX0[6]     ; 11.561 ; 11.561 ; 11.561 ; 11.561 ;
; SW[8]      ; HEX1[0]     ; 11.011 ; 11.011 ; 11.011 ; 11.011 ;
; SW[8]      ; HEX1[1]     ; 10.145 ; 10.145 ; 10.145 ; 10.145 ;
; SW[8]      ; HEX1[2]     ; 10.145 ; 10.145 ; 10.145 ; 10.145 ;
; SW[8]      ; HEX1[3]     ; 10.992 ; 10.992 ; 10.992 ; 10.992 ;
; SW[8]      ; HEX1[4]     ; 11.002 ; 11.002 ; 11.002 ; 11.002 ;
; SW[8]      ; HEX1[5]     ; 11.028 ; 11.028 ; 11.028 ; 11.028 ;
; SW[8]      ; HEX1[6]     ; 10.182 ; 10.182 ; 10.182 ; 10.182 ;
; SW[8]      ; HEX3[0]     ; 6.731  ; 6.731  ; 6.731  ; 6.731  ;
; SW[8]      ; HEX3[1]     ; 7.260  ;        ;        ; 7.260  ;
; SW[8]      ; HEX3[2]     ;        ; 7.163  ; 7.163  ;        ;
; SW[8]      ; HEX3[3]     ; 6.682  ; 6.682  ; 6.682  ; 6.682  ;
; SW[8]      ; HEX3[4]     ; 6.363  ;        ;        ; 6.363  ;
; SW[8]      ; HEX3[5]     ;        ; 6.742  ; 6.742  ;        ;
; SW[8]      ; HEX3[6]     ; 7.089  ; 7.089  ; 7.089  ; 7.089  ;
; SW[8]      ; LEDG[2]     ; 11.804 ; 11.804 ; 11.804 ; 11.804 ;
; SW[8]      ; LEDG[7]     ; 12.756 ; 12.756 ; 12.756 ; 12.756 ;
; SW[8]      ; LEDR[5]     ; 6.102  ;        ;        ; 6.102  ;
; SW[9]      ; HEX0[0]     ; 14.278 ; 14.278 ; 14.278 ; 14.278 ;
; SW[9]      ; HEX0[1]     ; 13.585 ; 13.585 ; 13.585 ; 13.585 ;
; SW[9]      ; HEX0[2]     ; 13.389 ; 13.389 ; 13.389 ; 13.389 ;
; SW[9]      ; HEX0[3]     ; 14.606 ; 14.606 ; 14.606 ; 14.606 ;
; SW[9]      ; HEX0[4]     ; 14.241 ; 14.241 ; 14.241 ; 14.241 ;
; SW[9]      ; HEX0[5]     ; 14.383 ; 14.383 ; 14.383 ; 14.383 ;
; SW[9]      ; HEX0[6]     ; 14.796 ; 14.796 ; 14.796 ; 14.796 ;
; SW[9]      ; HEX1[0]     ; 14.185 ; 14.185 ; 14.185 ; 14.185 ;
; SW[9]      ; HEX1[1]     ; 13.319 ; 13.319 ; 13.319 ; 13.319 ;
; SW[9]      ; HEX1[2]     ; 13.319 ; 13.319 ; 13.319 ; 13.319 ;
; SW[9]      ; HEX1[3]     ; 14.166 ; 14.166 ; 14.166 ; 14.166 ;
; SW[9]      ; HEX1[4]     ; 14.176 ; 14.176 ; 14.176 ; 14.176 ;
; SW[9]      ; HEX1[5]     ; 14.202 ; 14.202 ; 14.202 ; 14.202 ;
; SW[9]      ; HEX1[6]     ; 13.356 ; 13.356 ; 13.356 ; 13.356 ;
; SW[9]      ; LEDG[0]     ; 11.604 ; 11.604 ; 11.604 ; 11.604 ;
; SW[9]      ; LEDG[1]     ; 12.575 ; 12.575 ; 12.575 ; 12.575 ;
; SW[9]      ; LEDG[2]     ; 15.235 ; 15.235 ; 15.235 ; 15.235 ;
; SW[9]      ; LEDG[7]     ; 14.756 ;        ;        ; 14.756 ;
; SW[9]      ; LEDR[9]     ; 6.361  ;        ;        ; 6.361  ;
+------------+-------------+--------+--------+--------+--------+


+----------------------------------------------------------+
; Minimum Progagation Delay                                ;
+------------+-------------+-------+-------+-------+-------+
; Input Port ; Output Port ; RR    ; RF    ; FR    ; FF    ;
+------------+-------------+-------+-------+-------+-------+
; SW[0]      ; HEX0[0]     ; 4.398 ; 3.980 ; 3.980 ; 4.398 ;
; SW[0]      ; HEX0[1]     ; 4.191 ; 4.191 ; 4.191 ; 4.191 ;
; SW[0]      ; HEX0[2]     ; 4.374 ; 4.283 ; 4.283 ; 4.374 ;
; SW[0]      ; HEX0[3]     ; 4.191 ; 4.191 ; 4.191 ; 4.191 ;
; SW[0]      ; HEX0[4]     ; 4.486 ; 4.404 ; 4.404 ; 4.486 ;
; SW[0]      ; HEX0[5]     ; 4.503 ; 4.334 ; 4.334 ; 4.503 ;
; SW[0]      ; HEX0[6]     ; 4.226 ; 4.510 ; 4.510 ; 4.226 ;
; SW[0]      ; HEX1[0]     ; 4.679 ; 4.292 ; 4.292 ; 4.679 ;
; SW[0]      ; HEX1[1]     ; 4.384 ; 4.384 ; 4.384 ; 4.384 ;
; SW[0]      ; HEX1[2]     ; 4.384 ; 4.384 ; 4.384 ; 4.384 ;
; SW[0]      ; HEX1[3]     ; 4.658 ; 4.271 ; 4.271 ; 4.658 ;
; SW[0]      ; HEX1[4]     ; 4.668 ; 4.281 ; 4.281 ; 4.668 ;
; SW[0]      ; HEX1[5]     ; 4.694 ; 4.307 ; 4.307 ; 4.694 ;
; SW[0]      ; HEX1[6]     ; 4.426 ; 4.426 ; 4.426 ; 4.426 ;
; SW[0]      ; LEDG[0]     ; 5.406 ; 5.406 ; 5.406 ; 5.406 ;
; SW[0]      ; LEDG[1]     ; 5.215 ; 5.215 ; 5.215 ; 5.215 ;
; SW[0]      ; LEDG[2]     ; 5.850 ; 5.850 ; 5.850 ; 5.850 ;
; SW[0]      ; LEDG[7]     ; 6.116 ; 6.116 ; 6.116 ; 6.116 ;
; SW[0]      ; LEDR[0]     ; 2.289 ;       ;       ; 2.289 ;
; SW[1]      ; HEX0[0]     ; 3.883 ; 4.273 ; 4.273 ; 3.883 ;
; SW[1]      ; HEX0[1]     ; 4.044 ; 4.044 ; 4.044 ; 4.044 ;
; SW[1]      ; HEX0[2]     ; 4.186 ; 4.221 ; 4.221 ; 4.186 ;
; SW[1]      ; HEX0[3]     ; 4.044 ; 4.044 ; 4.044 ; 4.044 ;
; SW[1]      ; HEX0[4]     ; 4.307 ; 4.559 ; 4.559 ; 4.307 ;
; SW[1]      ; HEX0[5]     ; 4.237 ; 4.356 ; 4.356 ; 4.237 ;
; SW[1]      ; HEX0[6]     ; 4.193 ; 4.369 ; 4.369 ; 4.193 ;
; SW[1]      ; HEX1[0]     ; 4.383 ; 4.259 ; 4.259 ; 4.383 ;
; SW[1]      ; HEX1[1]     ; 4.237 ; 4.237 ; 4.237 ; 4.237 ;
; SW[1]      ; HEX1[2]     ; 4.237 ; 4.237 ; 4.237 ; 4.237 ;
; SW[1]      ; HEX1[3]     ; 4.362 ; 4.238 ; 4.238 ; 4.362 ;
; SW[1]      ; HEX1[4]     ; 4.372 ; 4.248 ; 4.248 ; 4.372 ;
; SW[1]      ; HEX1[5]     ; 4.398 ; 4.274 ; 4.274 ; 4.398 ;
; SW[1]      ; HEX1[6]     ; 4.279 ; 4.279 ; 4.279 ; 4.279 ;
; SW[1]      ; LEDG[0]     ; 5.259 ; 5.259 ; 5.259 ; 5.259 ;
; SW[1]      ; LEDG[1]     ; 4.799 ; 4.799 ; 4.799 ; 4.799 ;
; SW[1]      ; LEDG[2]     ; 5.935 ; 5.935 ; 5.935 ; 5.935 ;
; SW[1]      ; LEDG[7]     ; 5.780 ;       ;       ; 5.780 ;
; SW[1]      ; LEDR[1]     ; 2.423 ;       ;       ; 2.423 ;
; SW[2]      ; HEX0[0]     ; 3.606 ; 4.022 ; 4.022 ; 3.606 ;
; SW[2]      ; HEX0[1]     ; 3.938 ; 3.938 ; 3.938 ; 3.938 ;
; SW[2]      ; HEX0[2]     ; 3.909 ; 3.971 ; 3.971 ; 3.909 ;
; SW[2]      ; HEX0[3]     ; 3.737 ; 3.737 ; 3.737 ; 3.737 ;
; SW[2]      ; HEX0[4]     ; 4.030 ; 4.064 ; 4.064 ; 4.030 ;
; SW[2]      ; HEX0[5]     ; 3.960 ; 4.183 ; 4.183 ; 3.960 ;
; SW[2]      ; HEX0[6]     ; 3.850 ; 4.100 ; 4.100 ; 3.850 ;
; SW[2]      ; HEX1[0]     ; 4.132 ; 3.916 ; 3.916 ; 4.132 ;
; SW[2]      ; HEX1[1]     ; 4.162 ; 4.201 ; 4.201 ; 4.162 ;
; SW[2]      ; HEX1[2]     ; 4.162 ; 4.201 ; 4.201 ; 4.162 ;
; SW[2]      ; HEX1[3]     ; 4.111 ; 3.895 ; 3.895 ; 4.111 ;
; SW[2]      ; HEX1[4]     ; 4.121 ; 3.905 ; 3.905 ; 4.121 ;
; SW[2]      ; HEX1[5]     ; 4.147 ; 3.931 ; 3.931 ; 4.147 ;
; SW[2]      ; HEX1[6]     ; 4.243 ; 4.204 ; 4.204 ; 4.243 ;
; SW[2]      ; LEDG[0]     ; 5.223 ; 5.223 ; 5.223 ; 5.223 ;
; SW[2]      ; LEDG[1]     ; 5.079 ; 5.079 ; 5.079 ; 5.079 ;
; SW[2]      ; LEDG[2]     ; 5.303 ; 5.303 ; 5.303 ; 5.303 ;
; SW[2]      ; LEDG[7]     ; 5.511 ;       ;       ; 5.511 ;
; SW[2]      ; LEDR[2]     ; 2.611 ;       ;       ; 2.611 ;
; SW[3]      ; HEX0[0]     ; 3.960 ; 3.960 ; 3.960 ; 3.960 ;
; SW[3]      ; HEX0[1]     ; 3.731 ; 3.731 ; 3.731 ; 3.731 ;
; SW[3]      ; HEX0[2]     ; 3.963 ; 3.963 ; 3.963 ; 3.963 ;
; SW[3]      ; HEX0[3]     ; 3.731 ; 3.731 ; 3.731 ; 3.731 ;
; SW[3]      ; HEX0[4]     ; 4.246 ; 4.246 ; 4.246 ; 4.246 ;
; SW[3]      ; HEX0[5]     ; 4.043 ; 4.043 ; 4.043 ; 4.043 ;
; SW[3]      ; HEX0[6]     ; 4.176 ; 4.176 ; 4.176 ; 4.176 ;
; SW[3]      ; HEX1[0]     ; 4.256 ; 4.256 ; 4.256 ; 4.256 ;
; SW[3]      ; HEX1[1]     ; 3.924 ; 3.924 ; 3.924 ; 3.924 ;
; SW[3]      ; HEX1[2]     ; 3.924 ; 3.924 ; 3.924 ; 3.924 ;
; SW[3]      ; HEX1[3]     ; 4.235 ; 4.235 ; 4.235 ; 4.235 ;
; SW[3]      ; HEX1[4]     ; 4.245 ; 4.245 ; 4.245 ; 4.245 ;
; SW[3]      ; HEX1[5]     ; 4.271 ; 4.271 ; 4.271 ; 4.271 ;
; SW[3]      ; HEX1[6]     ; 3.966 ; 3.966 ; 3.966 ; 3.966 ;
; SW[3]      ; HEX2[0]     ; 3.530 ; 3.530 ; 3.530 ; 3.530 ;
; SW[3]      ; HEX2[1]     ; 3.534 ; 3.534 ; 3.534 ; 3.534 ;
; SW[3]      ; HEX2[2]     ;       ; 3.578 ; 3.578 ;       ;
; SW[3]      ; HEX2[3]     ; 3.583 ; 3.583 ; 3.583 ; 3.583 ;
; SW[3]      ; HEX2[4]     ; 3.679 ;       ;       ; 3.679 ;
; SW[3]      ; HEX2[5]     ; 3.675 ;       ;       ; 3.675 ;
; SW[3]      ; HEX2[6]     ; 3.696 ;       ;       ; 3.696 ;
; SW[3]      ; LEDG[0]     ; 4.946 ; 4.946 ; 4.946 ; 4.946 ;
; SW[3]      ; LEDG[1]     ; 5.341 ; 5.341 ; 5.341 ; 5.341 ;
; SW[3]      ; LEDG[2]     ; 6.508 ; 6.508 ; 6.508 ; 6.508 ;
; SW[3]      ; LEDG[7]     ; 6.329 ;       ;       ; 6.329 ;
; SW[3]      ; LEDR[6]     ; 2.844 ;       ;       ; 2.844 ;
; SW[4]      ; HEX0[0]     ; 4.344 ; 4.344 ; 4.344 ; 4.344 ;
; SW[4]      ; HEX0[1]     ; 4.381 ; 4.381 ; 4.381 ; 4.381 ;
; SW[4]      ; HEX0[2]     ; 4.234 ; 4.234 ; 4.234 ; 4.234 ;
; SW[4]      ; HEX0[3]     ; 4.410 ; 4.410 ; 4.410 ; 4.410 ;
; SW[4]      ; HEX0[4]     ; 4.615 ; 4.615 ; 4.615 ; 4.615 ;
; SW[4]      ; HEX0[5]     ; 4.476 ; 4.476 ; 4.476 ; 4.476 ;
; SW[4]      ; HEX0[6]     ; 4.673 ; 4.386 ; 4.386 ; 4.673 ;
; SW[4]      ; HEX1[0]     ; 4.396 ; 4.396 ; 4.396 ; 4.396 ;
; SW[4]      ; HEX1[1]     ; 4.559 ; 4.504 ; 4.504 ; 4.559 ;
; SW[4]      ; HEX1[2]     ; 4.559 ; 4.504 ; 4.504 ; 4.559 ;
; SW[4]      ; HEX1[3]     ; 4.375 ; 4.375 ; 4.375 ; 4.375 ;
; SW[4]      ; HEX1[4]     ; 4.385 ; 4.385 ; 4.385 ; 4.385 ;
; SW[4]      ; HEX1[5]     ; 4.411 ; 4.411 ; 4.411 ; 4.411 ;
; SW[4]      ; HEX1[6]     ; 4.546 ; 4.601 ; 4.601 ; 4.546 ;
; SW[4]      ; HEX2[0]     ;       ; 3.791 ; 3.791 ;       ;
; SW[4]      ; HEX2[1]     ; 3.793 ; 3.793 ; 3.793 ; 3.793 ;
; SW[4]      ; HEX2[2]     ; 3.842 ;       ;       ; 3.842 ;
; SW[4]      ; HEX2[3]     ; 3.845 ; 3.845 ; 3.845 ; 3.845 ;
; SW[4]      ; HEX2[4]     ;       ; 3.939 ; 3.939 ;       ;
; SW[4]      ; HEX2[5]     ; 3.937 ;       ;       ; 3.937 ;
; SW[4]      ; HEX2[6]     ; 3.957 ; 3.957 ; 3.957 ; 3.957 ;
; SW[4]      ; LEDG[1]     ; 4.812 ; 4.812 ; 4.812 ; 4.812 ;
; SW[4]      ; LEDG[2]     ; 5.976 ; 5.976 ; 5.976 ; 5.976 ;
; SW[4]      ; LEDG[7]     ; 5.797 ;       ;       ; 5.797 ;
; SW[4]      ; LEDR[7]     ; 2.626 ;       ;       ; 2.626 ;
; SW[5]      ; HEX0[0]     ; 4.276 ; 4.276 ; 4.276 ; 4.276 ;
; SW[5]      ; HEX0[1]     ; 4.320 ; 4.320 ; 4.320 ; 4.320 ;
; SW[5]      ; HEX0[2]     ; 4.318 ; 4.318 ; 4.318 ; 4.318 ;
; SW[5]      ; HEX0[3]     ; 4.084 ; 4.084 ; 4.084 ; 4.084 ;
; SW[5]      ; HEX0[4]     ; 4.413 ; 4.413 ; 4.413 ; 4.413 ;
; SW[5]      ; HEX0[5]     ; 4.530 ; 4.530 ; 4.530 ; 4.530 ;
; SW[5]      ; HEX0[6]     ; 4.477 ; 4.408 ; 4.408 ; 4.477 ;
; SW[5]      ; HEX1[0]     ; 4.479 ; 4.433 ; 4.433 ; 4.479 ;
; SW[5]      ; HEX1[1]     ; 4.265 ; 4.265 ; 4.265 ; 4.265 ;
; SW[5]      ; HEX1[2]     ; 4.265 ; 4.265 ; 4.265 ; 4.265 ;
; SW[5]      ; HEX1[3]     ; 4.458 ; 4.412 ; 4.412 ; 4.458 ;
; SW[5]      ; HEX1[4]     ; 4.468 ; 4.422 ; 4.422 ; 4.468 ;
; SW[5]      ; HEX1[5]     ; 4.494 ; 4.448 ; 4.448 ; 4.494 ;
; SW[5]      ; HEX1[6]     ; 4.307 ; 4.307 ; 4.307 ; 4.307 ;
; SW[5]      ; HEX2[0]     ; 3.423 ; 3.423 ; 3.423 ; 3.423 ;
; SW[5]      ; HEX2[1]     ; 3.436 ;       ;       ; 3.436 ;
; SW[5]      ; HEX2[2]     ;       ; 3.468 ; 3.468 ;       ;
; SW[5]      ; HEX2[3]     ; 3.478 ; 3.478 ; 3.478 ; 3.478 ;
; SW[5]      ; HEX2[4]     ; 3.583 ;       ;       ; 3.583 ;
; SW[5]      ; HEX2[5]     ;       ; 3.573 ; 3.573 ;       ;
; SW[5]      ; HEX2[6]     ; 3.596 ; 3.596 ; 3.596 ; 3.596 ;
; SW[5]      ; LEDG[2]     ; 5.650 ; 5.650 ; 5.650 ; 5.650 ;
; SW[5]      ; LEDG[7]     ; 5.819 ;       ;       ; 5.819 ;
; SW[5]      ; LEDR[8]     ; 2.658 ;       ;       ; 2.658 ;
; SW[6]      ; HEX0[0]     ; 4.062 ; 4.062 ; 4.062 ; 4.062 ;
; SW[6]      ; HEX0[1]     ; 4.041 ; 4.041 ; 4.041 ; 4.041 ;
; SW[6]      ; HEX0[2]     ; 3.712 ; 3.712 ; 3.712 ; 3.712 ;
; SW[6]      ; HEX0[3]     ; 4.041 ; 4.041 ; 4.041 ; 4.041 ;
; SW[6]      ; HEX0[4]     ; 4.229 ; 4.229 ; 4.229 ; 4.229 ;
; SW[6]      ; HEX0[5]     ; 4.353 ; 4.353 ; 4.353 ; 4.353 ;
; SW[6]      ; HEX0[6]     ; 4.486 ; 4.486 ; 4.486 ; 4.486 ;
; SW[6]      ; HEX1[0]     ; 4.253 ; 4.253 ; 4.253 ; 4.253 ;
; SW[6]      ; HEX1[1]     ; 3.921 ; 3.921 ; 3.921 ; 3.921 ;
; SW[6]      ; HEX1[2]     ; 3.921 ; 3.921 ; 3.921 ; 3.921 ;
; SW[6]      ; HEX1[3]     ; 4.232 ; 4.232 ; 4.232 ; 4.232 ;
; SW[6]      ; HEX1[4]     ; 4.242 ; 4.242 ; 4.242 ; 4.242 ;
; SW[6]      ; HEX1[5]     ; 4.268 ; 4.268 ; 4.268 ; 4.268 ;
; SW[6]      ; HEX1[6]     ; 3.963 ; 3.963 ; 3.963 ; 3.963 ;
; SW[6]      ; HEX3[0]     ; 3.445 ; 3.445 ; 3.445 ; 3.445 ;
; SW[6]      ; HEX3[1]     ; 3.719 ; 3.719 ; 3.719 ; 3.719 ;
; SW[6]      ; HEX3[2]     ;       ; 3.713 ; 3.713 ;       ;
; SW[6]      ; HEX3[3]     ; 3.411 ; 3.411 ; 3.411 ; 3.411 ;
; SW[6]      ; HEX3[4]     ; 3.290 ;       ;       ; 3.290 ;
; SW[6]      ; HEX3[5]     ; 3.455 ;       ;       ; 3.455 ;
; SW[6]      ; HEX3[6]     ; 3.592 ;       ;       ; 3.592 ;
; SW[6]      ; LEDG[0]     ; 5.256 ; 5.256 ; 5.256 ; 5.256 ;
; SW[6]      ; LEDG[1]     ; 5.652 ; 5.652 ; 5.652 ; 5.652 ;
; SW[6]      ; LEDG[2]     ; 6.819 ; 6.819 ; 6.819 ; 6.819 ;
; SW[6]      ; LEDG[7]     ; 6.640 ; 6.640 ; 6.640 ; 6.640 ;
; SW[6]      ; LEDR[3]     ; 2.521 ;       ;       ; 2.521 ;
; SW[7]      ; HEX0[0]     ; 3.787 ; 3.787 ; 3.787 ; 3.787 ;
; SW[7]      ; HEX0[1]     ; 4.079 ; 4.079 ; 4.079 ; 4.079 ;
; SW[7]      ; HEX0[2]     ; 3.437 ; 3.437 ; 3.437 ; 3.437 ;
; SW[7]      ; HEX0[3]     ; 4.091 ; 4.091 ; 4.091 ; 4.091 ;
; SW[7]      ; HEX0[4]     ; 3.954 ; 3.954 ; 3.954 ; 3.954 ;
; SW[7]      ; HEX0[5]     ; 4.111 ; 4.111 ; 4.111 ; 4.111 ;
; SW[7]      ; HEX0[6]     ; 4.170 ; 4.170 ; 4.170 ; 4.170 ;
; SW[7]      ; HEX1[0]     ; 3.978 ; 3.978 ; 3.978 ; 3.978 ;
; SW[7]      ; HEX1[1]     ; 3.646 ; 3.646 ; 3.646 ; 3.646 ;
; SW[7]      ; HEX1[2]     ; 3.646 ; 3.646 ; 3.646 ; 3.646 ;
; SW[7]      ; HEX1[3]     ; 3.957 ; 3.957 ; 3.957 ; 3.957 ;
; SW[7]      ; HEX1[4]     ; 3.967 ; 3.967 ; 3.967 ; 3.967 ;
; SW[7]      ; HEX1[5]     ; 3.993 ; 3.993 ; 3.993 ; 3.993 ;
; SW[7]      ; HEX1[6]     ; 3.688 ; 3.688 ; 3.688 ; 3.688 ;
; SW[7]      ; HEX3[0]     ;       ; 3.016 ; 3.016 ;       ;
; SW[7]      ; HEX3[1]     ; 3.293 ; 3.293 ; 3.293 ; 3.293 ;
; SW[7]      ; HEX3[2]     ; 3.289 ;       ;       ; 3.289 ;
; SW[7]      ; HEX3[3]     ; 2.979 ; 2.979 ; 2.979 ; 2.979 ;
; SW[7]      ; HEX3[4]     ;       ; 2.862 ; 2.862 ;       ;
; SW[7]      ; HEX3[5]     ; 3.026 ;       ;       ; 3.026 ;
; SW[7]      ; HEX3[6]     ; 3.163 ; 3.163 ; 3.163 ; 3.163 ;
; SW[7]      ; LEDG[1]     ; 4.595 ; 4.595 ; 4.595 ; 4.595 ;
; SW[7]      ; LEDG[2]     ; 5.760 ; 5.760 ; 5.760 ; 5.760 ;
; SW[7]      ; LEDG[7]     ; 5.581 ; 5.581 ; 5.581 ; 5.581 ;
; SW[7]      ; LEDR[4]     ; 3.246 ;       ;       ; 3.246 ;
; SW[8]      ; HEX0[0]     ; 3.958 ; 3.958 ; 3.958 ; 3.958 ;
; SW[8]      ; HEX0[1]     ; 4.002 ; 4.002 ; 4.002 ; 4.002 ;
; SW[8]      ; HEX0[2]     ; 4.000 ; 4.000 ; 4.000 ; 4.000 ;
; SW[8]      ; HEX0[3]     ; 3.766 ; 3.766 ; 3.766 ; 3.766 ;
; SW[8]      ; HEX0[4]     ; 4.095 ; 4.095 ; 4.095 ; 4.095 ;
; SW[8]      ; HEX0[5]     ; 4.212 ; 4.212 ; 4.212 ; 4.212 ;
; SW[8]      ; HEX0[6]     ; 4.159 ; 4.159 ; 4.159 ; 4.159 ;
; SW[8]      ; HEX1[0]     ; 4.161 ; 4.161 ; 4.161 ; 4.161 ;
; SW[8]      ; HEX1[1]     ; 3.947 ; 3.947 ; 3.947 ; 3.947 ;
; SW[8]      ; HEX1[2]     ; 3.947 ; 3.947 ; 3.947 ; 3.947 ;
; SW[8]      ; HEX1[3]     ; 4.140 ; 4.140 ; 4.140 ; 4.140 ;
; SW[8]      ; HEX1[4]     ; 4.150 ; 4.150 ; 4.150 ; 4.150 ;
; SW[8]      ; HEX1[5]     ; 4.176 ; 4.176 ; 4.176 ; 4.176 ;
; SW[8]      ; HEX1[6]     ; 3.989 ; 3.989 ; 3.989 ; 3.989 ;
; SW[8]      ; HEX3[0]     ; 3.124 ; 3.124 ; 3.124 ; 3.124 ;
; SW[8]      ; HEX3[1]     ; 3.404 ;       ;       ; 3.404 ;
; SW[8]      ; HEX3[2]     ;       ; 3.391 ; 3.391 ;       ;
; SW[8]      ; HEX3[3]     ; 3.089 ; 3.089 ; 3.089 ; 3.089 ;
; SW[8]      ; HEX3[4]     ; 2.968 ;       ;       ; 2.968 ;
; SW[8]      ; HEX3[5]     ;       ; 3.134 ; 3.134 ;       ;
; SW[8]      ; HEX3[6]     ; 3.270 ; 3.270 ; 3.270 ; 3.270 ;
; SW[8]      ; LEDG[2]     ; 5.332 ; 5.332 ; 5.332 ; 5.332 ;
; SW[8]      ; LEDG[7]     ; 5.671 ; 5.671 ; 5.671 ; 5.671 ;
; SW[8]      ; LEDR[5]     ; 2.968 ;       ;       ; 2.968 ;
; SW[9]      ; HEX0[0]     ; 3.848 ; 3.848 ; 3.848 ; 3.848 ;
; SW[9]      ; HEX0[1]     ; 3.764 ; 3.764 ; 3.764 ; 3.764 ;
; SW[9]      ; HEX0[2]     ; 3.801 ; 3.801 ; 3.801 ; 3.801 ;
; SW[9]      ; HEX0[3]     ; 3.833 ; 3.833 ; 3.833 ; 3.833 ;
; SW[9]      ; HEX0[4]     ; 3.936 ; 4.318 ; 4.318 ; 3.936 ;
; SW[9]      ; HEX0[5]     ; 3.962 ; 4.054 ; 4.054 ; 3.962 ;
; SW[9]      ; HEX0[6]     ; 3.676 ; 3.960 ; 3.960 ; 3.676 ;
; SW[9]      ; HEX1[0]     ; 4.320 ; 3.742 ; 3.742 ; 4.320 ;
; SW[9]      ; HEX1[1]     ; 3.988 ; 4.010 ; 4.010 ; 3.988 ;
; SW[9]      ; HEX1[2]     ; 3.988 ; 4.010 ; 4.010 ; 3.988 ;
; SW[9]      ; HEX1[3]     ; 4.299 ; 3.721 ; 3.721 ; 4.299 ;
; SW[9]      ; HEX1[4]     ; 4.309 ; 3.731 ; 3.731 ; 4.309 ;
; SW[9]      ; HEX1[5]     ; 4.335 ; 3.757 ; 3.757 ; 4.335 ;
; SW[9]      ; HEX1[6]     ; 4.052 ; 4.030 ; 4.030 ; 4.052 ;
; SW[9]      ; LEDG[0]     ; 5.048 ; 5.048 ; 5.048 ; 5.048 ;
; SW[9]      ; LEDG[1]     ; 5.447 ; 5.447 ; 5.447 ; 5.447 ;
; SW[9]      ; LEDG[2]     ; 6.614 ; 6.614 ; 6.614 ; 6.614 ;
; SW[9]      ; LEDG[7]     ; 6.435 ;       ;       ; 6.435 ;
; SW[9]      ; LEDR[9]     ; 3.033 ;       ;       ; 3.033 ;
+------------+-------------+-------+-------+-------+-------+


-------------------
; Clock Transfers ;
-------------------
Nothing to report.


---------------
; Report TCCS ;
---------------
No dedicated SERDES Transmitter circuitry present in device or used in design


---------------
; Report RSKM ;
---------------
No dedicated SERDES Receiver circuitry present in device or used in design


+------------------------------------------------+
; Unconstrained Paths                            ;
+---------------------------------+-------+------+
; Property                        ; Setup ; Hold ;
+---------------------------------+-------+------+
; Illegal Clocks                  ; 0     ; 0    ;
; Unconstrained Clocks            ; 0     ; 0    ;
; Unconstrained Input Ports       ; 10    ; 10   ;
; Unconstrained Input Port Paths  ; 226   ; 226  ;
; Unconstrained Output Ports      ; 42    ; 42   ;
; Unconstrained Output Port Paths ; 226   ; 226  ;
+---------------------------------+-------+------+


+------------------------------------+
; TimeQuest Timing Analyzer Messages ;
+------------------------------------+
Info: *******************************************************************
Info: Running Quartus II 32-bit TimeQuest Timing Analyzer
    Info: Version 13.0.1 Build 232 06/12/2013 Service Pack 1 SJ Web Edition
    Info: Processing started: Fri Aug 04 00:08:32 2017
Info: Command: quartus_sta Ula_3Bits -c Ula_3Bits
Info: qsta_default_script.tcl version: #1
Warning (20028): Parallel compilation is not licensed and has been disabled
Info (21077): Low junction temperature is 0 degrees C
Info (21077): High junction temperature is 85 degrees C
Critical Warning (332012): Synopsys Design Constraints File file not found: 'Ula_3Bits.sdc'. A Synopsys Design Constraints File is required by the TimeQuest Timing Analyzer to get proper timing constraints. Without it, the Compiler will not properly optimize the design.
Info (332142): No user constrained base clocks found in the design. Calling "derive_clocks -period 1.0"
Info (332096): The command derive_clocks did not find any clocks to derive.  No clocks were created or changed.
Warning (332068): No clocks defined in design.
Info: Found TIMEQUEST_REPORT_SCRIPT_INCLUDE_DEFAULT_ANALYSIS = ON
Info (332159): No clocks to report
Info: Analyzing Slow Model
Info (332140): No fmax paths to report
Info (332140): No Setup paths to report
Info (332140): No Hold paths to report
Info (332140): No Recovery paths to report
Info (332140): No Removal paths to report
Info (332140): No Minimum Pulse Width paths to report
Info (332001): The selected device family is not supported by the report_metastability command.
Info: Analyzing Fast Model
Info (332142): No user constrained base clocks found in the design. Calling "derive_clocks -period 1.0"
Info (332096): The command derive_clocks did not find any clocks to derive.  No clocks were created or changed.
Warning (332068): No clocks defined in design.
Info (332140): No Setup paths to report
Info (332140): No Hold paths to report
Info (332140): No Recovery paths to report
Info (332140): No Removal paths to report
Info (332140): No Minimum Pulse Width paths to report
Info (332001): The selected device family is not supported by the report_metastability command.
Info (332102): Design is not fully constrained for setup requirements
Info (332102): Design is not fully constrained for hold requirements
Info: Quartus II 32-bit TimeQuest Timing Analyzer was successful. 0 errors, 4 warnings
    Info: Peak virtual memory: 337 megabytes
    Info: Processing ended: Fri Aug 04 00:08:33 2017
    Info: Elapsed time: 00:00:01
    Info: Total CPU time (on all processors): 00:00:01


